[35m[Appium][39m Welcome to Appium v1.22.3
[35m[Appium][39m Non-default server args:
[35m[Appium][39m   port: 57254
[35m[Appium][39m   loglevel: info
[35m[Appium][39m   tmpDir: C:\Users\BRI\AppData\Local\Temp\\Katalon\Appium\Temp1670554759103
[35m[Appium][39m   chromedriverPort: 57255
[35m[Appium][39m Deprecated server args:
[35m[Appium][39m   [31m--chromedriver-port[39m => --default-capabilities
[35m[Appium][39m Default capabilities, which will be added to each request unless overridden by desired capabilities:
[35m[Appium][39m   chromedriverPort: 57255
[35m[Appium][39m Appium REST http interface listener started on 0.0.0.0:57254
[35m[HTTP][39m [37m-->[39m [37mGET[39m [37m/wd/hub/status[39m
[35m[HTTP][39m [90m{}[39m
[35m[HTTP][39m [37m<-- GET /wd/hub/status [39m[32m200[39m [90m9 ms - 68[39m
[35m[HTTP][39m [90m[39m
[35m[HTTP][39m [37m-->[39m [37mGET[39m [37m/wd/hub/status[39m
[35m[HTTP][39m [90m{}[39m
[35m[HTTP][39m [37m<-- GET /wd/hub/status [39m[32m200[39m [90m2 ms - 68[39m
[35m[HTTP][39m [90m[39m
[35m[HTTP][39m [37m-->[39m [37mPOST[39m [37m/wd/hub/session[39m
[35m[HTTP][39m [90m{"desiredCapabilities":{"appActivity":".Settings","appPackage":"com.android.settings","newCommandTimeout":1800,"platformVersion":"12","automationName":"uiautomator2","autoGrantPermissions":true,"platformName":"Android","udid":"RR8NA04R7CV","deviceName":"samsung SM-G770F (Android 12)","platform":"ANDROID","systemPort":8222},"capabilities":{"firstMatch":[{"appium:appActivity":".Settings","appium:appPackage":"com.android.settings","appium:autoGrantPermissions":true,"appium:automationName":"uiautomator2","appium:deviceName":"samsung SM-G770F (Android 12)","appium:newCommandTimeout":1800,"platform":"ANDROID","platformName":"android","appium:platformVersion":"12","appium:systemPort":8222,"appium:udid":"RR8NA04R7CV"}]}}[39m
[35m[BaseDriver][39m The following capabilities are not standard capabilities and should have an extension prefix:
[35m[BaseDriver][39m   platform
[35m[BaseDriver][39m   chromedriverPort
[35m[Appium][39m Appium v1.22.3 creating new AndroidUiautomator2Driver (v1.70.1) session
[35m[BaseDriver][39m The following capabilities were provided, but are not recognized by Appium:
[35m[BaseDriver][39m   platform
[35m[BaseDriver][39m Session created with session id: 8e717558-5f41-454e-92a8-5286a5db992c
[35m[UiAutomator2][39m Starting 'com.android.settings' directly on the device
[35m[ADB][39m Found 1 'build-tools' folders under 'C:\Users\BRI\.katalon\tools\android_sdk' (newest first):
[35m[ADB][39m     C:/Users/BRI/.katalon/tools/android_sdk/build-tools/29.0.3
[35m[ADB][39m Using 'adb.exe' from 'C:\Users\BRI\.katalon\tools\android_sdk\platform-tools\adb.exe'
[35m[AndroidDriver][39m Retrieving device list
[35m[AndroidDriver][39m Using device: RR8NA04R7CV
[35m[ADB][39m Using 'adb.exe' from 'C:\Users\BRI\.katalon\tools\android_sdk\platform-tools\adb.exe'
[35m[ADB][39m Getting device platform version
[35m[UiAutomator2][39m Relaxing hidden api policy
[35m[AndroidDriver][39m No app sent in, not parsing package/activity
[35m[ADB][39m Using 'apksigner.jar' from 'C:\Users\BRI\.katalon\tools\android_sdk\build-tools\29.0.3\lib\apksigner.jar'
[35m[ADB][39m 'C:\Users\BRI\AppData\Roaming\npm\node_modules\appium\node_modules\appium-uiautomator2-server\apks\appium-uiautomator2-server-v4.27.0.apk' is signed with the default certificate
[35m[ADB][39m 'C:\Users\BRI\AppData\Roaming\npm\node_modules\appium\node_modules\appium-uiautomator2-server\apks\appium-uiautomator2-server-debug-androidTest.apk' is signed with the default certificate
[35m[UiAutomator2][39m Server packages are not going to be (re)installed
[35m[ADB][39m Adding packages ["io.appium.settings","io.appium.uiautomator2.server","io.appium.uiautomator2.server.test"] to Doze whitelist
[35m[ADB][39m com.android.settings contains no permissions available for granting
[35m[UiAutomator2][39m Starting UIAutomator2 server 4.27.0
[35m[UiAutomator2][39m Using UIAutomator2 server from 'C:\Users\BRI\AppData\Roaming\npm\node_modules\appium\node_modules\appium-uiautomator2-server\apks\appium-uiautomator2-server-v4.27.0.apk' and test from 'C:\Users\BRI\AppData\Roaming\npm\node_modules\appium\node_modules\appium-uiautomator2-server\apks\appium-uiautomator2-server-debug-androidTest.apk'
[35m[UiAutomator2][39m Waiting up to 30000ms for UiAutomator2 to be online...
[35m[WD Proxy][39m socket hang up
[35m[WD Proxy][39m socket hang up
[35m[WD Proxy][39m Determined the downstream protocol as 'W3C'
[35m[AndroidDriver][39m Screen already unlocked, doing nothing
[35m[UiAutomator2][39m Starting 'com.android.settings/.Settings and waiting for 'com.android.settings/.Settings'
[35m[Appium][39m New AndroidUiautomator2Driver session created successfully, session 8e717558-5f41-454e-92a8-5286a5db992c added to master session list
[35m[HTTP][39m [37m<-- POST /wd/hub/session [39m[32m200[39m [90m10062 ms - 1158[39m
[35m[HTTP][39m [90m[39m
[35m[HTTP][39m [37m-->[39m [37mGET[39m [37m/wd/hub/session/8e717558-5f41-454e-92a8-5286a5db992c[39m
[35m[HTTP][39m [90m{}[39m
[35m[HTTP][39m [37m<-- GET /wd/hub/session/8e717558-5f41-454e-92a8-5286a5db992c [39m[32m200[39m [90m15 ms - 1112[39m
[35m[HTTP][39m [90m[39m
[35m[HTTP][39m [37m-->[39m [37mGET[39m [37m/wd/hub/session/8e717558-5f41-454e-92a8-5286a5db992c[39m
[35m[HTTP][39m [90m{}[39m
[35m[HTTP][39m [37m<-- GET /wd/hub/session/8e717558-5f41-454e-92a8-5286a5db992c [39m[32m200[39m [90m18 ms - 1112[39m
[35m[HTTP][39m [90m[39m
[35m[HTTP][39m [37m-->[39m [37mGET[39m [37m/wd/hub/status[39m
[35m[HTTP][39m [90m{}[39m
[35m[HTTP][39m [37m<-- GET /wd/hub/status [39m[32m200[39m [90m1 ms - 68[39m
[35m[HTTP][39m [90m[39m
[35m[HTTP][39m [37m-->[39m [37mPOST[39m [37m/wd/hub/session/8e717558-5f41-454e-92a8-5286a5db992c/timeouts[39m
[35m[HTTP][39m [90m{"implicit":60000}[39m
[35m[HTTP][39m [37m<-- POST /wd/hub/session/8e717558-5f41-454e-92a8-5286a5db992c/timeouts [39m[32m200[39m [90m4 ms - 14[39m
[35m[HTTP][39m [90m[39m
[35m[HTTP][39m [37m-->[39m [37mGET[39m [37m/wd/hub/session/8e717558-5f41-454e-92a8-5286a5db992c/screenshot[39m
[35m[HTTP][39m [90m{}[39m
[35m[HTTP][39m [37m<-- GET /wd/hub/session/8e717558-5f41-454e-92a8-5286a5db992c/screenshot [39m[32m200[39m [90m349 ms - 230790[39m
[35m[HTTP][39m [90m[39m
[35m[HTTP][39m [37m-->[39m [37mGET[39m [37m/wd/hub/session/8e717558-5f41-454e-92a8-5286a5db992c/window/rect[39m
[35m[HTTP][39m [90m{}[39m
[35m[HTTP][39m [37m<-- GET /wd/hub/session/8e717558-5f41-454e-92a8-5286a5db992c/window/rect [39m[32m200[39m [90m27 ms - 50[39m
[35m[HTTP][39m [90m[39m
[35m[HTTP][39m [37m-->[39m [37mGET[39m [37m/wd/hub/session/8e717558-5f41-454e-92a8-5286a5db992c/appium/device/system_bars[39m
[35m[HTTP][39m [90m{}[39m
[35m[HTTP][39m [37m<-- GET /wd/hub/session/8e717558-5f41-454e-92a8-5286a5db992c/appium/device/system_bars [39m[32m200[39m [90m161 ms - 145[39m
[35m[HTTP][39m [90m[39m
[35m[HTTP][39m [37m-->[39m [37mPOST[39m [37m/wd/hub/session/8e717558-5f41-454e-92a8-5286a5db992c/appium/device/activate_app[39m
[35m[HTTP][39m [90m{"bundleId":"com.solodroid.solomerce"}[39m
[35m[HTTP][39m [37m<-- POST /wd/hub/session/8e717558-5f41-454e-92a8-5286a5db992c/appium/device/activate_app [39m[32m200[39m [90m529 ms - 14[39m
[35m[HTTP][39m [90m[39m
[35m[HTTP][39m [37m-->[39m [37mGET[39m [37m/wd/hub/session/8e717558-5f41-454e-92a8-5286a5db992c/source[39m
[35m[HTTP][39m [90m{}[39m
[35m[W3C (8e717558)][39m Driver proxy active, passing request on via HTTP proxy
[35m[WD Proxy][39m Replacing sessionId 142d938f-cf4e-47c5-8b2e-1cea6d207f4f with 8e717558-5f41-454e-92a8-5286a5db992c
[35m[HTTP][39m [37m<-- GET /wd/hub/session/8e717558-5f41-454e-92a8-5286a5db992c/source [39m[32m200[39m [90m518 ms - 34523[39m
[35m[HTTP][39m [90m[39m
[35m[HTTP][39m [37m-->[39m [37mGET[39m [37m/wd/hub/session/8e717558-5f41-454e-92a8-5286a5db992c/screenshot[39m
[35m[HTTP][39m [90m{}[39m
[35m[HTTP][39m [37m<-- GET /wd/hub/session/8e717558-5f41-454e-92a8-5286a5db992c/screenshot [39m[32m200[39m [90m886 ms - 1850682[39m
[35m[HTTP][39m [90m[39m
[35m[HTTP][39m [37m-->[39m [37mPOST[39m [37m/wd/hub/session/8e717558-5f41-454e-92a8-5286a5db992c/elements[39m
[35m[HTTP][39m [90m{"using":"xpath","value":"//*[@class = 'android.widget.TextView' and (@text = 'Profile' or . = 'Profile') and @resource-id = 'com.solodroid.solomerce:id/smallLabel']"}[39m
[35m[HTTP][39m [37m<-- POST /wd/hub/session/8e717558-5f41-454e-92a8-5286a5db992c/elements [39m[32m200[39m [90m319 ms - 139[39m
[35m[HTTP][39m [90m[39m
[35m[HTTP][39m [37m-->[39m [37mGET[39m [37m/wd/hub/session/8e717558-5f41-454e-92a8-5286a5db992c/window/rect[39m
[35m[HTTP][39m [90m{}[39m
[35m[HTTP][39m [37m<-- GET /wd/hub/session/8e717558-5f41-454e-92a8-5286a5db992c/window/rect [39m[32m200[39m [90m27 ms - 50[39m
[35m[HTTP][39m [90m[39m
[35m[HTTP][39m [37m-->[39m [37mPOST[39m [37m/wd/hub/session/8e717558-5f41-454e-92a8-5286a5db992c/elements[39m
[35m[HTTP][39m [90m{"using":"xpath","value":"//*[@class = 'android.widget.TextView' and (@text = 'Profile' or . = 'Profile') and @resource-id = 'com.solodroid.solomerce:id/smallLabel']"}[39m
[35m[HTTP][39m [37m<-- POST /wd/hub/session/8e717558-5f41-454e-92a8-5286a5db992c/elements [39m[32m200[39m [90m195 ms - 139[39m
[35m[HTTP][39m [90m[39m
[35m[HTTP][39m [37m-->[39m [37mGET[39m [37m/wd/hub/session/8e717558-5f41-454e-92a8-5286a5db992c/element/00000000-0000-5485-ffff-ffff0000002d/location[39m
[35m[HTTP][39m [90m{}[39m
[35m[W3C (8e717558)][39m Driver proxy active, passing request on via HTTP proxy
[35m[WD Proxy][39m Replacing sessionId 142d938f-cf4e-47c5-8b2e-1cea6d207f4f with 8e717558-5f41-454e-92a8-5286a5db992c
[35m[HTTP][39m [37m<-- GET /wd/hub/session/8e717558-5f41-454e-92a8-5286a5db992c/element/00000000-0000-5485-ffff-ffff0000002d/location [39m[32m200[39m [90m46 ms - 79[39m
[35m[HTTP][39m [90m[39m
[35m[HTTP][39m [37m-->[39m [37mPOST[39m [37m/wd/hub/session/8e717558-5f41-454e-92a8-5286a5db992c/elements[39m
[35m[HTTP][39m [90m{"using":"xpath","value":"//*[@class = 'android.widget.TextView' and (@text = 'Profile' or . = 'Profile') and @resource-id = 'com.solodroid.solomerce:id/smallLabel']"}[39m
[35m[HTTP][39m [37m<-- POST /wd/hub/session/8e717558-5f41-454e-92a8-5286a5db992c/elements [39m[32m200[39m [90m198 ms - 139[39m
[35m[HTTP][39m [90m[39m
[35m[HTTP][39m [37m-->[39m [37mGET[39m [37m/wd/hub/session/8e717558-5f41-454e-92a8-5286a5db992c/element/00000000-0000-5485-ffff-ffff0000002d/location[39m
[35m[HTTP][39m [90m{}[39m
[35m[W3C (8e717558)][39m Driver proxy active, passing request on via HTTP proxy
[35m[WD Proxy][39m Replacing sessionId 142d938f-cf4e-47c5-8b2e-1cea6d207f4f with 8e717558-5f41-454e-92a8-5286a5db992c
[35m[HTTP][39m [37m<-- GET /wd/hub/session/8e717558-5f41-454e-92a8-5286a5db992c/element/00000000-0000-5485-ffff-ffff0000002d/location [39m[32m200[39m [90m30 ms - 79[39m
[35m[HTTP][39m [90m[39m
[35m[HTTP][39m [37m-->[39m [37mPOST[39m [37m/wd/hub/session/8e717558-5f41-454e-92a8-5286a5db992c/elements[39m
[35m[HTTP][39m [90m{"using":"xpath","value":"//*[@class = 'android.widget.TextView' and (@text = 'Profile' or . = 'Profile') and @resource-id = 'com.solodroid.solomerce:id/smallLabel']"}[39m
[35m[HTTP][39m [37m<-- POST /wd/hub/session/8e717558-5f41-454e-92a8-5286a5db992c/elements [39m[32m200[39m [90m233 ms - 139[39m
[35m[HTTP][39m [90m[39m
[35m[HTTP][39m [37m-->[39m [37mGET[39m [37m/wd/hub/session/8e717558-5f41-454e-92a8-5286a5db992c/element/00000000-0000-5485-ffff-ffff0000002d/location[39m
[35m[HTTP][39m [90m{}[39m
[35m[W3C (8e717558)][39m Driver proxy active, passing request on via HTTP proxy
[35m[WD Proxy][39m Replacing sessionId 142d938f-cf4e-47c5-8b2e-1cea6d207f4f with 8e717558-5f41-454e-92a8-5286a5db992c
[35m[HTTP][39m [37m<-- GET /wd/hub/session/8e717558-5f41-454e-92a8-5286a5db992c/element/00000000-0000-5485-ffff-ffff0000002d/location [39m[32m200[39m [90m31 ms - 79[39m
[35m[HTTP][39m [90m[39m
[35m[HTTP][39m [37m-->[39m [37mPOST[39m [37m/wd/hub/session/8e717558-5f41-454e-92a8-5286a5db992c/elements[39m
[35m[HTTP][39m [90m{"using":"xpath","value":"//*[@class = 'android.widget.TextView' and (@text = 'Profile' or . = 'Profile') and @resource-id = 'com.solodroid.solomerce:id/smallLabel']"}[39m
[35m[HTTP][39m [37m<-- POST /wd/hub/session/8e717558-5f41-454e-92a8-5286a5db992c/elements [39m[32m200[39m [90m185 ms - 139[39m
[35m[HTTP][39m [90m[39m
[35m[HTTP][39m [37m-->[39m [37mGET[39m [37m/wd/hub/session/8e717558-5f41-454e-92a8-5286a5db992c/element/00000000-0000-5485-ffff-ffff0000002d/location[39m
[35m[HTTP][39m [90m{}[39m
[35m[W3C (8e717558)][39m Driver proxy active, passing request on via HTTP proxy
[35m[WD Proxy][39m Replacing sessionId 142d938f-cf4e-47c5-8b2e-1cea6d207f4f with 8e717558-5f41-454e-92a8-5286a5db992c
[35m[HTTP][39m [37m<-- GET /wd/hub/session/8e717558-5f41-454e-92a8-5286a5db992c/element/00000000-0000-5485-ffff-ffff0000002d/location [39m[32m200[39m [90m29 ms - 79[39m
[35m[HTTP][39m [90m[39m
[35m[HTTP][39m [37m-->[39m [37mPOST[39m [37m/wd/hub/session/8e717558-5f41-454e-92a8-5286a5db992c/elements[39m
[35m[HTTP][39m [90m{"using":"xpath","value":"//*[@class = 'android.widget.TextView' and (@text = 'Profile' or . = 'Profile') and @resource-id = 'com.solodroid.solomerce:id/smallLabel']"}[39m
[35m[HTTP][39m [37m<-- POST /wd/hub/session/8e717558-5f41-454e-92a8-5286a5db992c/elements [39m[32m200[39m [90m176 ms - 139[39m
[35m[HTTP][39m [90m[39m
[35m[HTTP][39m [37m-->[39m [37mGET[39m [37m/wd/hub/session/8e717558-5f41-454e-92a8-5286a5db992c/element/00000000-0000-5485-ffff-ffff0000002d/location[39m
[35m[HTTP][39m [90m{}[39m
[35m[W3C (8e717558)][39m Driver proxy active, passing request on via HTTP proxy
[35m[WD Proxy][39m Replacing sessionId 142d938f-cf4e-47c5-8b2e-1cea6d207f4f with 8e717558-5f41-454e-92a8-5286a5db992c
[35m[HTTP][39m [37m<-- GET /wd/hub/session/8e717558-5f41-454e-92a8-5286a5db992c/element/00000000-0000-5485-ffff-ffff0000002d/location [39m[32m200[39m [90m24 ms - 79[39m
[35m[HTTP][39m [90m[39m
[35m[HTTP][39m [37m-->[39m [37mPOST[39m [37m/wd/hub/session/8e717558-5f41-454e-92a8-5286a5db992c/elements[39m
[35m[HTTP][39m [90m{"using":"xpath","value":"//*[@class = 'android.widget.TextView' and (@text = 'Profile' or . = 'Profile') and @resource-id = 'com.solodroid.solomerce:id/smallLabel']"}[39m
[35m[HTTP][39m [37m<-- POST /wd/hub/session/8e717558-5f41-454e-92a8-5286a5db992c/elements [39m[32m200[39m [90m165 ms - 139[39m
[35m[HTTP][39m [90m[39m
[35m[HTTP][39m [37m-->[39m [37mGET[39m [37m/wd/hub/session/8e717558-5f41-454e-92a8-5286a5db992c/element/00000000-0000-5485-ffff-ffff0000002d/location[39m
[35m[HTTP][39m [90m{}[39m
[35m[W3C (8e717558)][39m Driver proxy active, passing request on via HTTP proxy
[35m[WD Proxy][39m Replacing sessionId 142d938f-cf4e-47c5-8b2e-1cea6d207f4f with 8e717558-5f41-454e-92a8-5286a5db992c
[35m[HTTP][39m [37m<-- GET /wd/hub/session/8e717558-5f41-454e-92a8-5286a5db992c/element/00000000-0000-5485-ffff-ffff0000002d/location [39m[32m200[39m [90m40 ms - 79[39m
[35m[HTTP][39m [90m[39m
[35m[HTTP][39m [37m-->[39m [37mPOST[39m [37m/wd/hub/session/8e717558-5f41-454e-92a8-5286a5db992c/elements[39m
[35m[HTTP][39m [90m{"using":"xpath","value":"//*[@class = 'android.widget.TextView' and (@text = 'Profile' or . = 'Profile') and @resource-id = 'com.solodroid.solomerce:id/smallLabel']"}[39m
[35m[HTTP][39m [37m<-- POST /wd/hub/session/8e717558-5f41-454e-92a8-5286a5db992c/elements [39m[32m200[39m [90m183 ms - 139[39m
[35m[HTTP][39m [90m[39m
[35m[HTTP][39m [37m-->[39m [37mGET[39m [37m/wd/hub/session/8e717558-5f41-454e-92a8-5286a5db992c/element/00000000-0000-5485-ffff-ffff0000002d/location[39m
[35m[HTTP][39m [90m{}[39m
[35m[W3C (8e717558)][39m Driver proxy active, passing request on via HTTP proxy
[35m[WD Proxy][39m Replacing sessionId 142d938f-cf4e-47c5-8b2e-1cea6d207f4f with 8e717558-5f41-454e-92a8-5286a5db992c
[35m[HTTP][39m [37m<-- GET /wd/hub/session/8e717558-5f41-454e-92a8-5286a5db992c/element/00000000-0000-5485-ffff-ffff0000002d/location [39m[32m200[39m [90m31 ms - 79[39m
[35m[HTTP][39m [90m[39m
[35m[HTTP][39m [37m-->[39m [37mPOST[39m [37m/wd/hub/session/8e717558-5f41-454e-92a8-5286a5db992c/elements[39m
[35m[HTTP][39m [90m{"using":"xpath","value":"//*[@class = 'android.widget.TextView' and (@text = 'Profile' or . = 'Profile') and @resource-id = 'com.solodroid.solomerce:id/smallLabel']"}[39m
[35m[HTTP][39m [37m<-- POST /wd/hub/session/8e717558-5f41-454e-92a8-5286a5db992c/elements [39m[32m200[39m [90m126 ms - 139[39m
[35m[HTTP][39m [90m[39m
[35m[HTTP][39m [37m-->[39m [37mGET[39m [37m/wd/hub/session/8e717558-5f41-454e-92a8-5286a5db992c/element/00000000-0000-5485-ffff-ffff0000002d/location[39m
[35m[HTTP][39m [90m{}[39m
[35m[W3C (8e717558)][39m Driver proxy active, passing request on via HTTP proxy
[35m[WD Proxy][39m Replacing sessionId 142d938f-cf4e-47c5-8b2e-1cea6d207f4f with 8e717558-5f41-454e-92a8-5286a5db992c
[35m[HTTP][39m [37m<-- GET /wd/hub/session/8e717558-5f41-454e-92a8-5286a5db992c/element/00000000-0000-5485-ffff-ffff0000002d/location [39m[32m200[39m [90m33 ms - 79[39m
[35m[HTTP][39m [90m[39m
[35m[HTTP][39m [37m-->[39m [37mPOST[39m [37m/wd/hub/session/8e717558-5f41-454e-92a8-5286a5db992c/elements[39m
[35m[HTTP][39m [90m{"using":"xpath","value":"//*[@class = 'android.widget.TextView' and (@text = 'Profile' or . = 'Profile') and @resource-id = 'com.solodroid.solomerce:id/smallLabel']"}[39m
[35m[HTTP][39m [37m<-- POST /wd/hub/session/8e717558-5f41-454e-92a8-5286a5db992c/elements [39m[32m200[39m [90m162 ms - 139[39m
[35m[HTTP][39m [90m[39m
[35m[HTTP][39m [37m-->[39m [37mGET[39m [37m/wd/hub/session/8e717558-5f41-454e-92a8-5286a5db992c/element/00000000-0000-5485-ffff-ffff0000002d/location[39m
[35m[HTTP][39m [90m{}[39m
[35m[W3C (8e717558)][39m Driver proxy active, passing request on via HTTP proxy
[35m[WD Proxy][39m Replacing sessionId 142d938f-cf4e-47c5-8b2e-1cea6d207f4f with 8e717558-5f41-454e-92a8-5286a5db992c
[35m[HTTP][39m [37m<-- GET /wd/hub/session/8e717558-5f41-454e-92a8-5286a5db992c/element/00000000-0000-5485-ffff-ffff0000002d/location [39m[32m200[39m [90m33 ms - 79[39m
[35m[HTTP][39m [90m[39m
[35m[HTTP][39m [37m-->[39m [37mPOST[39m [37m/wd/hub/session/8e717558-5f41-454e-92a8-5286a5db992c/elements[39m
[35m[HTTP][39m [90m{"using":"xpath","value":"//*[@class = 'android.widget.TextView' and (@text = 'Profile' or . = 'Profile') and @resource-id = 'com.solodroid.solomerce:id/smallLabel']"}[39m
[35m[HTTP][39m [37m<-- POST /wd/hub/session/8e717558-5f41-454e-92a8-5286a5db992c/elements [39m[32m200[39m [90m183 ms - 139[39m
[35m[HTTP][39m [90m[39m
[35m[HTTP][39m [37m-->[39m [37mGET[39m [37m/wd/hub/session/8e717558-5f41-454e-92a8-5286a5db992c/element/00000000-0000-5485-ffff-ffff0000002d/location[39m
[35m[HTTP][39m [90m{}[39m
[35m[W3C (8e717558)][39m Driver proxy active, passing request on via HTTP proxy
[35m[WD Proxy][39m Replacing sessionId 142d938f-cf4e-47c5-8b2e-1cea6d207f4f with 8e717558-5f41-454e-92a8-5286a5db992c
[35m[HTTP][39m [37m<-- GET /wd/hub/session/8e717558-5f41-454e-92a8-5286a5db992c/element/00000000-0000-5485-ffff-ffff0000002d/location [39m[32m200[39m [90m20 ms - 79[39m
[35m[HTTP][39m [90m[39m
[35m[HTTP][39m [37m-->[39m [37mPOST[39m [37m/wd/hub/session/8e717558-5f41-454e-92a8-5286a5db992c/elements[39m
[35m[HTTP][39m [90m{"using":"xpath","value":"//*[@class = 'android.widget.TextView' and (@text = 'Profile' or . = 'Profile') and @resource-id = 'com.solodroid.solomerce:id/smallLabel']"}[39m
[35m[HTTP][39m [37m<-- POST /wd/hub/session/8e717558-5f41-454e-92a8-5286a5db992c/elements [39m[32m200[39m [90m147 ms - 139[39m
[35m[HTTP][39m [90m[39m
[35m[HTTP][39m [37m-->[39m [37mGET[39m [37m/wd/hub/session/8e717558-5f41-454e-92a8-5286a5db992c/element/00000000-0000-5485-ffff-ffff0000002d/location[39m
[35m[HTTP][39m [90m{}[39m
[35m[W3C (8e717558)][39m Driver proxy active, passing request on via HTTP proxy
[35m[WD Proxy][39m Replacing sessionId 142d938f-cf4e-47c5-8b2e-1cea6d207f4f with 8e717558-5f41-454e-92a8-5286a5db992c
[35m[HTTP][39m [37m<-- GET /wd/hub/session/8e717558-5f41-454e-92a8-5286a5db992c/element/00000000-0000-5485-ffff-ffff0000002d/location [39m[32m200[39m [90m27 ms - 79[39m
[35m[HTTP][39m [90m[39m
[35m[HTTP][39m [37m-->[39m [37mPOST[39m [37m/wd/hub/session/8e717558-5f41-454e-92a8-5286a5db992c/elements[39m
[35m[HTTP][39m [90m{"using":"xpath","value":"//*[@class = 'android.widget.TextView' and (@text = 'Profile' or . = 'Profile') and @resource-id = 'com.solodroid.solomerce:id/smallLabel']"}[39m
[35m[HTTP][39m [37m<-- POST /wd/hub/session/8e717558-5f41-454e-92a8-5286a5db992c/elements [39m[32m200[39m [90m145 ms - 139[39m
[35m[HTTP][39m [90m[39m
[35m[HTTP][39m [37m-->[39m [37mGET[39m [37m/wd/hub/session/8e717558-5f41-454e-92a8-5286a5db992c/element/00000000-0000-5485-ffff-ffff0000002d/location[39m
[35m[HTTP][39m [90m{}[39m
[35m[W3C (8e717558)][39m Driver proxy active, passing request on via HTTP proxy
[35m[WD Proxy][39m Replacing sessionId 142d938f-cf4e-47c5-8b2e-1cea6d207f4f with 8e717558-5f41-454e-92a8-5286a5db992c
[35m[HTTP][39m [37m<-- GET /wd/hub/session/8e717558-5f41-454e-92a8-5286a5db992c/element/00000000-0000-5485-ffff-ffff0000002d/location [39m[32m200[39m [90m34 ms - 79[39m
[35m[HTTP][39m [90m[39m
[35m[HTTP][39m [37m-->[39m [37mPOST[39m [37m/wd/hub/session/8e717558-5f41-454e-92a8-5286a5db992c/elements[39m
[35m[HTTP][39m [90m{"using":"xpath","value":"//*[@class = 'android.widget.TextView' and (@text = 'Profile' or . = 'Profile') and @resource-id = 'com.solodroid.solomerce:id/smallLabel']"}[39m
[35m[HTTP][39m [37m<-- POST /wd/hub/session/8e717558-5f41-454e-92a8-5286a5db992c/elements [39m[32m200[39m [90m139 ms - 139[39m
[35m[HTTP][39m [90m[39m
[35m[HTTP][39m [37m-->[39m [37mGET[39m [37m/wd/hub/session/8e717558-5f41-454e-92a8-5286a5db992c/element/00000000-0000-5485-ffff-ffff0000002d/location[39m
[35m[HTTP][39m [90m{}[39m
[35m[W3C (8e717558)][39m Driver proxy active, passing request on via HTTP proxy
[35m[WD Proxy][39m Replacing sessionId 142d938f-cf4e-47c5-8b2e-1cea6d207f4f with 8e717558-5f41-454e-92a8-5286a5db992c
[35m[HTTP][39m [37m<-- GET /wd/hub/session/8e717558-5f41-454e-92a8-5286a5db992c/element/00000000-0000-5485-ffff-ffff0000002d/location [39m[32m200[39m [90m17 ms - 79[39m
[35m[HTTP][39m [90m[39m
[35m[HTTP][39m [37m-->[39m [37mPOST[39m [37m/wd/hub/session/8e717558-5f41-454e-92a8-5286a5db992c/elements[39m
[35m[HTTP][39m [90m{"using":"xpath","value":"//*[@class = 'android.widget.TextView' and (@text = 'Profile' or . = 'Profile') and @resource-id = 'com.solodroid.solomerce:id/smallLabel']"}[39m
[35m[HTTP][39m [37m<-- POST /wd/hub/session/8e717558-5f41-454e-92a8-5286a5db992c/elements [39m[32m200[39m [90m139 ms - 139[39m
[35m[HTTP][39m [90m[39m
[35m[HTTP][39m [37m-->[39m [37mGET[39m [37m/wd/hub/session/8e717558-5f41-454e-92a8-5286a5db992c/element/00000000-0000-5485-ffff-ffff0000002d/location[39m
[35m[HTTP][39m [90m{}[39m
[35m[W3C (8e717558)][39m Driver proxy active, passing request on via HTTP proxy
[35m[WD Proxy][39m Replacing sessionId 142d938f-cf4e-47c5-8b2e-1cea6d207f4f with 8e717558-5f41-454e-92a8-5286a5db992c
[35m[HTTP][39m [37m<-- GET /wd/hub/session/8e717558-5f41-454e-92a8-5286a5db992c/element/00000000-0000-5485-ffff-ffff0000002d/location [39m[32m200[39m [90m23 ms - 79[39m
[35m[HTTP][39m [90m[39m
[35m[HTTP][39m [37m-->[39m [37mPOST[39m [37m/wd/hub/session/8e717558-5f41-454e-92a8-5286a5db992c/elements[39m
[35m[HTTP][39m [90m{"using":"xpath","value":"//*[@class = 'android.widget.TextView' and (@text = 'Profile' or . = 'Profile') and @resource-id = 'com.solodroid.solomerce:id/smallLabel']"}[39m
[35m[HTTP][39m [37m<-- POST /wd/hub/session/8e717558-5f41-454e-92a8-5286a5db992c/elements [39m[32m200[39m [90m146 ms - 139[39m
[35m[HTTP][39m [90m[39m
[35m[HTTP][39m [37m-->[39m [37mGET[39m [37m/wd/hub/session/8e717558-5f41-454e-92a8-5286a5db992c/element/00000000-0000-5485-ffff-ffff0000002d/location[39m
[35m[HTTP][39m [90m{}[39m
[35m[W3C (8e717558)][39m Driver proxy active, passing request on via HTTP proxy
[35m[WD Proxy][39m Replacing sessionId 142d938f-cf4e-47c5-8b2e-1cea6d207f4f with 8e717558-5f41-454e-92a8-5286a5db992c
[35m[HTTP][39m [37m<-- GET /wd/hub/session/8e717558-5f41-454e-92a8-5286a5db992c/element/00000000-0000-5485-ffff-ffff0000002d/location [39m[32m200[39m [90m29 ms - 79[39m
[35m[HTTP][39m [90m[39m
[35m[HTTP][39m [37m-->[39m [37mPOST[39m [37m/wd/hub/session/8e717558-5f41-454e-92a8-5286a5db992c/elements[39m
[35m[HTTP][39m [90m{"using":"xpath","value":"//*[@class = 'android.widget.TextView' and (@text = 'Profile' or . = 'Profile') and @resource-id = 'com.solodroid.solomerce:id/smallLabel']"}[39m
[35m[HTTP][39m [37m<-- POST /wd/hub/session/8e717558-5f41-454e-92a8-5286a5db992c/elements [39m[32m200[39m [90m161 ms - 139[39m
[35m[HTTP][39m [90m[39m
[35m[HTTP][39m [37m-->[39m [37mGET[39m [37m/wd/hub/session/8e717558-5f41-454e-92a8-5286a5db992c/element/00000000-0000-5485-ffff-ffff0000002d/location[39m
[35m[HTTP][39m [90m{}[39m
[35m[W3C (8e717558)][39m Driver proxy active, passing request on via HTTP proxy
[35m[WD Proxy][39m Replacing sessionId 142d938f-cf4e-47c5-8b2e-1cea6d207f4f with 8e717558-5f41-454e-92a8-5286a5db992c
[35m[HTTP][39m [37m<-- GET /wd/hub/session/8e717558-5f41-454e-92a8-5286a5db992c/element/00000000-0000-5485-ffff-ffff0000002d/location [39m[32m200[39m [90m28 ms - 79[39m
[35m[HTTP][39m [90m[39m
[35m[HTTP][39m [37m-->[39m [37mPOST[39m [37m/wd/hub/session/8e717558-5f41-454e-92a8-5286a5db992c/elements[39m
[35m[HTTP][39m [90m{"using":"xpath","value":"//*[@class = 'android.widget.TextView' and (@text = 'Profile' or . = 'Profile') and @resource-id = 'com.solodroid.solomerce:id/smallLabel']"}[39m
[35m[HTTP][39m [37m<-- POST /wd/hub/session/8e717558-5f41-454e-92a8-5286a5db992c/elements [39m[32m200[39m [90m183 ms - 139[39m
[35m[HTTP][39m [90m[39m
[35m[HTTP][39m [37m-->[39m [37mGET[39m [37m/wd/hub/session/8e717558-5f41-454e-92a8-5286a5db992c/element/00000000-0000-5485-ffff-ffff0000002d/location[39m
[35m[HTTP][39m [90m{}[39m
[35m[W3C (8e717558)][39m Driver proxy active, passing request on via HTTP proxy
[35m[WD Proxy][39m Replacing sessionId 142d938f-cf4e-47c5-8b2e-1cea6d207f4f with 8e717558-5f41-454e-92a8-5286a5db992c
[35m[HTTP][39m [37m<-- GET /wd/hub/session/8e717558-5f41-454e-92a8-5286a5db992c/element/00000000-0000-5485-ffff-ffff0000002d/location [39m[32m200[39m [90m30 ms - 79[39m
[35m[HTTP][39m [90m[39m
[35m[HTTP][39m [37m-->[39m [37mPOST[39m [37m/wd/hub/session/8e717558-5f41-454e-92a8-5286a5db992c/elements[39m
[35m[HTTP][39m [90m{"using":"xpath","value":"//*[@class = 'android.widget.TextView' and (@text = 'Profile' or . = 'Profile') and @resource-id = 'com.solodroid.solomerce:id/smallLabel']"}[39m
[35m[HTTP][39m [37m<-- POST /wd/hub/session/8e717558-5f41-454e-92a8-5286a5db992c/elements [39m[32m200[39m [90m163 ms - 139[39m
[35m[HTTP][39m [90m[39m
[35m[HTTP][39m [37m-->[39m [37mGET[39m [37m/wd/hub/session/8e717558-5f41-454e-92a8-5286a5db992c/element/00000000-0000-5485-ffff-ffff0000002d/location[39m
[35m[HTTP][39m [90m{}[39m
[35m[W3C (8e717558)][39m Driver proxy active, passing request on via HTTP proxy
[35m[WD Proxy][39m Replacing sessionId 142d938f-cf4e-47c5-8b2e-1cea6d207f4f with 8e717558-5f41-454e-92a8-5286a5db992c
[35m[HTTP][39m [37m<-- GET /wd/hub/session/8e717558-5f41-454e-92a8-5286a5db992c/element/00000000-0000-5485-ffff-ffff0000002d/location [39m[32m200[39m [90m36 ms - 79[39m
[35m[HTTP][39m [90m[39m
[35m[HTTP][39m [37m-->[39m [37mPOST[39m [37m/wd/hub/session/8e717558-5f41-454e-92a8-5286a5db992c/elements[39m
[35m[HTTP][39m [90m{"using":"xpath","value":"//*[@class = 'android.widget.TextView' and (@text = 'Profile' or . = 'Profile') and @resource-id = 'com.solodroid.solomerce:id/smallLabel']"}[39m
[35m[HTTP][39m [37m<-- POST /wd/hub/session/8e717558-5f41-454e-92a8-5286a5db992c/elements [39m[32m200[39m [90m148 ms - 139[39m
[35m[HTTP][39m [90m[39m
[35m[HTTP][39m [37m-->[39m [37mGET[39m [37m/wd/hub/session/8e717558-5f41-454e-92a8-5286a5db992c/element/00000000-0000-5485-ffff-ffff0000002d/location[39m
[35m[HTTP][39m [90m{}[39m
[35m[W3C (8e717558)][39m Driver proxy active, passing request on via HTTP proxy
[35m[WD Proxy][39m Replacing sessionId 142d938f-cf4e-47c5-8b2e-1cea6d207f4f with 8e717558-5f41-454e-92a8-5286a5db992c
[35m[HTTP][39m [37m<-- GET /wd/hub/session/8e717558-5f41-454e-92a8-5286a5db992c/element/00000000-0000-5485-ffff-ffff0000002d/location [39m[32m200[39m [90m21 ms - 79[39m
[35m[HTTP][39m [90m[39m
[35m[HTTP][39m [37m-->[39m [37mPOST[39m [37m/wd/hub/session/8e717558-5f41-454e-92a8-5286a5db992c/elements[39m
[35m[HTTP][39m [90m{"using":"xpath","value":"//*[@class = 'android.widget.TextView' and (@text = 'Profile' or . = 'Profile') and @resource-id = 'com.solodroid.solomerce:id/smallLabel']"}[39m
[35m[HTTP][39m [37m<-- POST /wd/hub/session/8e717558-5f41-454e-92a8-5286a5db992c/elements [39m[32m200[39m [90m187 ms - 139[39m
[35m[HTTP][39m [90m[39m
[35m[HTTP][39m [37m-->[39m [37mGET[39m [37m/wd/hub/session/8e717558-5f41-454e-92a8-5286a5db992c/element/00000000-0000-5485-ffff-ffff0000002d/location[39m
[35m[HTTP][39m [90m{}[39m
[35m[W3C (8e717558)][39m Driver proxy active, passing request on via HTTP proxy
[35m[WD Proxy][39m Replacing sessionId 142d938f-cf4e-47c5-8b2e-1cea6d207f4f with 8e717558-5f41-454e-92a8-5286a5db992c
[35m[HTTP][39m [37m<-- GET /wd/hub/session/8e717558-5f41-454e-92a8-5286a5db992c/element/00000000-0000-5485-ffff-ffff0000002d/location [39m[32m200[39m [90m28 ms - 79[39m
[35m[HTTP][39m [90m[39m
[35m[HTTP][39m [37m-->[39m [37mPOST[39m [37m/wd/hub/session/8e717558-5f41-454e-92a8-5286a5db992c/elements[39m
[35m[HTTP][39m [90m{"using":"xpath","value":"//*[@class = 'android.widget.TextView' and (@text = 'Profile' or . = 'Profile') and @resource-id = 'com.solodroid.solomerce:id/smallLabel']"}[39m
[35m[HTTP][39m [37m<-- POST /wd/hub/session/8e717558-5f41-454e-92a8-5286a5db992c/elements [39m[32m200[39m [90m152 ms - 139[39m
[35m[HTTP][39m [90m[39m
[35m[HTTP][39m [37m-->[39m [37mGET[39m [37m/wd/hub/session/8e717558-5f41-454e-92a8-5286a5db992c/element/00000000-0000-5485-ffff-ffff0000002d/location[39m
[35m[HTTP][39m [90m{}[39m
[35m[W3C (8e717558)][39m Driver proxy active, passing request on via HTTP proxy
[35m[WD Proxy][39m Replacing sessionId 142d938f-cf4e-47c5-8b2e-1cea6d207f4f with 8e717558-5f41-454e-92a8-5286a5db992c
[35m[HTTP][39m [37m<-- GET /wd/hub/session/8e717558-5f41-454e-92a8-5286a5db992c/element/00000000-0000-5485-ffff-ffff0000002d/location [39m[32m200[39m [90m26 ms - 79[39m
[35m[HTTP][39m [90m[39m
[35m[HTTP][39m [37m-->[39m [37mPOST[39m [37m/wd/hub/session/8e717558-5f41-454e-92a8-5286a5db992c/elements[39m
[35m[HTTP][39m [90m{"using":"xpath","value":"//*[@class = 'android.widget.TextView' and (@text = 'Profile' or . = 'Profile') and @resource-id = 'com.solodroid.solomerce:id/smallLabel']"}[39m
[35m[HTTP][39m [37m<-- POST /wd/hub/session/8e717558-5f41-454e-92a8-5286a5db992c/elements [39m[32m200[39m [90m80 ms - 139[39m
[35m[HTTP][39m [90m[39m
[35m[HTTP][39m [37m-->[39m [37mGET[39m [37m/wd/hub/session/8e717558-5f41-454e-92a8-5286a5db992c/element/00000000-0000-5485-ffff-ffff0000002d/location[39m
[35m[HTTP][39m [90m{}[39m
[35m[W3C (8e717558)][39m Driver proxy active, passing request on via HTTP proxy
[35m[WD Proxy][39m Replacing sessionId 142d938f-cf4e-47c5-8b2e-1cea6d207f4f with 8e717558-5f41-454e-92a8-5286a5db992c
[35m[HTTP][39m [37m<-- GET /wd/hub/session/8e717558-5f41-454e-92a8-5286a5db992c/element/00000000-0000-5485-ffff-ffff0000002d/location [39m[32m200[39m [90m19 ms - 79[39m
[35m[HTTP][39m [90m[39m
[35m[HTTP][39m [37m-->[39m [37mPOST[39m [37m/wd/hub/session/8e717558-5f41-454e-92a8-5286a5db992c/elements[39m
[35m[HTTP][39m [90m{"using":"xpath","value":"//*[@class = 'android.widget.TextView' and (@text = 'Profile' or . = 'Profile') and @resource-id = 'com.solodroid.solomerce:id/smallLabel']"}[39m
[35m[HTTP][39m [37m<-- POST /wd/hub/session/8e717558-5f41-454e-92a8-5286a5db992c/elements [39m[32m200[39m [90m134 ms - 139[39m
[35m[HTTP][39m [90m[39m
[35m[HTTP][39m [37m-->[39m [37mGET[39m [37m/wd/hub/session/8e717558-5f41-454e-92a8-5286a5db992c/element/00000000-0000-5485-ffff-ffff0000002d/location[39m
[35m[HTTP][39m [90m{}[39m
[35m[W3C (8e717558)][39m Driver proxy active, passing request on via HTTP proxy
[35m[WD Proxy][39m Replacing sessionId 142d938f-cf4e-47c5-8b2e-1cea6d207f4f with 8e717558-5f41-454e-92a8-5286a5db992c
[35m[HTTP][39m [37m<-- GET /wd/hub/session/8e717558-5f41-454e-92a8-5286a5db992c/element/00000000-0000-5485-ffff-ffff0000002d/location [39m[32m200[39m [90m18 ms - 79[39m
[35m[HTTP][39m [90m[39m
[35m[HTTP][39m [37m-->[39m [37mPOST[39m [37m/wd/hub/session/8e717558-5f41-454e-92a8-5286a5db992c/elements[39m
[35m[HTTP][39m [90m{"using":"xpath","value":"//*[@class = 'android.widget.TextView' and (@text = 'Profile' or . = 'Profile') and @resource-id = 'com.solodroid.solomerce:id/smallLabel']"}[39m
[35m[HTTP][39m [37m<-- POST /wd/hub/session/8e717558-5f41-454e-92a8-5286a5db992c/elements [39m[32m200[39m [90m121 ms - 139[39m
[35m[HTTP][39m [90m[39m
[35m[HTTP][39m [37m-->[39m [37mGET[39m [37m/wd/hub/session/8e717558-5f41-454e-92a8-5286a5db992c/element/00000000-0000-5485-ffff-ffff0000002d/location[39m
[35m[HTTP][39m [90m{}[39m
[35m[W3C (8e717558)][39m Driver proxy active, passing request on via HTTP proxy
[35m[WD Proxy][39m Replacing sessionId 142d938f-cf4e-47c5-8b2e-1cea6d207f4f with 8e717558-5f41-454e-92a8-5286a5db992c
[35m[HTTP][39m [37m<-- GET /wd/hub/session/8e717558-5f41-454e-92a8-5286a5db992c/element/00000000-0000-5485-ffff-ffff0000002d/location [39m[32m200[39m [90m24 ms - 79[39m
[35m[HTTP][39m [90m[39m
[35m[HTTP][39m [37m-->[39m [37mPOST[39m [37m/wd/hub/session/8e717558-5f41-454e-92a8-5286a5db992c/elements[39m
[35m[HTTP][39m [90m{"using":"xpath","value":"//*[@class = 'android.widget.TextView' and (@text = 'Profile' or . = 'Profile') and @resource-id = 'com.solodroid.solomerce:id/smallLabel']"}[39m
[35m[HTTP][39m [37m<-- POST /wd/hub/session/8e717558-5f41-454e-92a8-5286a5db992c/elements [39m[32m200[39m [90m100 ms - 139[39m
[35m[HTTP][39m [90m[39m
[35m[HTTP][39m [37m-->[39m [37mGET[39m [37m/wd/hub/session/8e717558-5f41-454e-92a8-5286a5db992c/element/00000000-0000-5485-ffff-ffff0000002d/location[39m
[35m[HTTP][39m [90m{}[39m
[35m[W3C (8e717558)][39m Driver proxy active, passing request on via HTTP proxy
[35m[WD Proxy][39m Replacing sessionId 142d938f-cf4e-47c5-8b2e-1cea6d207f4f with 8e717558-5f41-454e-92a8-5286a5db992c
[35m[HTTP][39m [37m<-- GET /wd/hub/session/8e717558-5f41-454e-92a8-5286a5db992c/element/00000000-0000-5485-ffff-ffff0000002d/location [39m[32m200[39m [90m10 ms - 79[39m
[35m[HTTP][39m [90m[39m
[35m[HTTP][39m [37m-->[39m [37mPOST[39m [37m/wd/hub/session/8e717558-5f41-454e-92a8-5286a5db992c/elements[39m
[35m[HTTP][39m [90m{"using":"xpath","value":"//*[@class = 'android.widget.TextView' and (@text = 'Profile' or . = 'Profile') and @resource-id = 'com.solodroid.solomerce:id/smallLabel']"}[39m
[35m[HTTP][39m [37m<-- POST /wd/hub/session/8e717558-5f41-454e-92a8-5286a5db992c/elements [39m[32m200[39m [90m143 ms - 139[39m
[35m[HTTP][39m [90m[39m
[35m[HTTP][39m [37m-->[39m [37mGET[39m [37m/wd/hub/session/8e717558-5f41-454e-92a8-5286a5db992c/element/00000000-0000-5485-ffff-ffff0000002d/location[39m
[35m[HTTP][39m [90m{}[39m
[35m[W3C (8e717558)][39m Driver proxy active, passing request on via HTTP proxy
[35m[WD Proxy][39m Replacing sessionId 142d938f-cf4e-47c5-8b2e-1cea6d207f4f with 8e717558-5f41-454e-92a8-5286a5db992c
[35m[HTTP][39m [37m<-- GET /wd/hub/session/8e717558-5f41-454e-92a8-5286a5db992c/element/00000000-0000-5485-ffff-ffff0000002d/location [39m[32m200[39m [90m31 ms - 79[39m
[35m[HTTP][39m [90m[39m
[35m[HTTP][39m [37m-->[39m [37mPOST[39m [37m/wd/hub/session/8e717558-5f41-454e-92a8-5286a5db992c/elements[39m
[35m[HTTP][39m [90m{"using":"xpath","value":"//*[@class = 'android.widget.TextView' and (@text = 'Profile' or . = 'Profile') and @resource-id = 'com.solodroid.solomerce:id/smallLabel']"}[39m
[35m[HTTP][39m [37m<-- POST /wd/hub/session/8e717558-5f41-454e-92a8-5286a5db992c/elements [39m[32m200[39m [90m91 ms - 139[39m
[35m[HTTP][39m [90m[39m
[35m[HTTP][39m [37m-->[39m [37mGET[39m [37m/wd/hub/session/8e717558-5f41-454e-92a8-5286a5db992c/element/00000000-0000-5485-ffff-ffff0000002d/location[39m
[35m[HTTP][39m [90m{}[39m
[35m[W3C (8e717558)][39m Driver proxy active, passing request on via HTTP proxy
[35m[WD Proxy][39m Replacing sessionId 142d938f-cf4e-47c5-8b2e-1cea6d207f4f with 8e717558-5f41-454e-92a8-5286a5db992c
[35m[HTTP][39m [37m<-- GET /wd/hub/session/8e717558-5f41-454e-92a8-5286a5db992c/element/00000000-0000-5485-ffff-ffff0000002d/location [39m[32m200[39m [90m20 ms - 79[39m
[35m[HTTP][39m [90m[39m
[35m[HTTP][39m [37m-->[39m [37mPOST[39m [37m/wd/hub/session/8e717558-5f41-454e-92a8-5286a5db992c/elements[39m
[35m[HTTP][39m [90m{"using":"xpath","value":"//*[@class = 'android.widget.TextView' and (@text = 'Profile' or . = 'Profile') and @resource-id = 'com.solodroid.solomerce:id/smallLabel']"}[39m
[35m[HTTP][39m [37m<-- POST /wd/hub/session/8e717558-5f41-454e-92a8-5286a5db992c/elements [39m[32m200[39m [90m172 ms - 139[39m
[35m[HTTP][39m [90m[39m
[35m[HTTP][39m [37m-->[39m [37mGET[39m [37m/wd/hub/session/8e717558-5f41-454e-92a8-5286a5db992c/element/00000000-0000-5485-ffff-ffff0000002d/location[39m
[35m[HTTP][39m [90m{}[39m
[35m[W3C (8e717558)][39m Driver proxy active, passing request on via HTTP proxy
[35m[WD Proxy][39m Replacing sessionId 142d938f-cf4e-47c5-8b2e-1cea6d207f4f with 8e717558-5f41-454e-92a8-5286a5db992c
[35m[HTTP][39m [37m<-- GET /wd/hub/session/8e717558-5f41-454e-92a8-5286a5db992c/element/00000000-0000-5485-ffff-ffff0000002d/location [39m[32m200[39m [90m26 ms - 79[39m
[35m[HTTP][39m [90m[39m
[35m[HTTP][39m [37m-->[39m [37mPOST[39m [37m/wd/hub/session/8e717558-5f41-454e-92a8-5286a5db992c/elements[39m
[35m[HTTP][39m [90m{"using":"xpath","value":"//*[@class = 'android.widget.TextView' and (@text = 'Profile' or . = 'Profile') and @resource-id = 'com.solodroid.solomerce:id/smallLabel']"}[39m
[35m[HTTP][39m [37m<-- POST /wd/hub/session/8e717558-5f41-454e-92a8-5286a5db992c/elements [39m[32m200[39m [90m119 ms - 139[39m
[35m[HTTP][39m [90m[39m
[35m[HTTP][39m [37m-->[39m [37mGET[39m [37m/wd/hub/session/8e717558-5f41-454e-92a8-5286a5db992c/element/00000000-0000-5485-ffff-ffff0000002d/location[39m
[35m[HTTP][39m [90m{}[39m
[35m[W3C (8e717558)][39m Driver proxy active, passing request on via HTTP proxy
[35m[WD Proxy][39m Replacing sessionId 142d938f-cf4e-47c5-8b2e-1cea6d207f4f with 8e717558-5f41-454e-92a8-5286a5db992c
[35m[HTTP][39m [37m<-- GET /wd/hub/session/8e717558-5f41-454e-92a8-5286a5db992c/element/00000000-0000-5485-ffff-ffff0000002d/location [39m[32m200[39m [90m29 ms - 79[39m
[35m[HTTP][39m [90m[39m
[35m[HTTP][39m [37m-->[39m [37mPOST[39m [37m/wd/hub/session/8e717558-5f41-454e-92a8-5286a5db992c/elements[39m
[35m[HTTP][39m [90m{"using":"xpath","value":"//*[@class = 'android.widget.TextView' and (@text = 'Profile' or . = 'Profile') and @resource-id = 'com.solodroid.solomerce:id/smallLabel']"}[39m
[35m[HTTP][39m [37m<-- POST /wd/hub/session/8e717558-5f41-454e-92a8-5286a5db992c/elements [39m[32m200[39m [90m150 ms - 139[39m
[35m[HTTP][39m [90m[39m
[35m[HTTP][39m [37m-->[39m [37mGET[39m [37m/wd/hub/session/8e717558-5f41-454e-92a8-5286a5db992c/element/00000000-0000-5485-ffff-ffff0000002d/location[39m
[35m[HTTP][39m [90m{}[39m
[35m[W3C (8e717558)][39m Driver proxy active, passing request on via HTTP proxy
[35m[WD Proxy][39m Replacing sessionId 142d938f-cf4e-47c5-8b2e-1cea6d207f4f with 8e717558-5f41-454e-92a8-5286a5db992c
[35m[HTTP][39m [37m<-- GET /wd/hub/session/8e717558-5f41-454e-92a8-5286a5db992c/element/00000000-0000-5485-ffff-ffff0000002d/location [39m[32m200[39m [90m30 ms - 79[39m
[35m[HTTP][39m [90m[39m
[35m[HTTP][39m [37m-->[39m [37mPOST[39m [37m/wd/hub/session/8e717558-5f41-454e-92a8-5286a5db992c/elements[39m
[35m[HTTP][39m [90m{"using":"xpath","value":"//*[@class = 'android.widget.TextView' and (@text = 'Profile' or . = 'Profile') and @resource-id = 'com.solodroid.solomerce:id/smallLabel']"}[39m
[35m[HTTP][39m [37m<-- POST /wd/hub/session/8e717558-5f41-454e-92a8-5286a5db992c/elements [39m[32m200[39m [90m158 ms - 139[39m
[35m[HTTP][39m [90m[39m
[35m[HTTP][39m [37m-->[39m [37mGET[39m [37m/wd/hub/session/8e717558-5f41-454e-92a8-5286a5db992c/element/00000000-0000-5485-ffff-ffff0000002d/location[39m
[35m[HTTP][39m [90m{}[39m
[35m[W3C (8e717558)][39m Driver proxy active, passing request on via HTTP proxy
[35m[WD Proxy][39m Replacing sessionId 142d938f-cf4e-47c5-8b2e-1cea6d207f4f with 8e717558-5f41-454e-92a8-5286a5db992c
[35m[HTTP][39m [37m<-- GET /wd/hub/session/8e717558-5f41-454e-92a8-5286a5db992c/element/00000000-0000-5485-ffff-ffff0000002d/location [39m[32m200[39m [90m36 ms - 79[39m
[35m[HTTP][39m [90m[39m
[35m[HTTP][39m [37m-->[39m [37mPOST[39m [37m/wd/hub/session/8e717558-5f41-454e-92a8-5286a5db992c/elements[39m
[35m[HTTP][39m [90m{"using":"xpath","value":"//*[@class = 'android.widget.TextView' and (@text = 'Profile' or . = 'Profile') and @resource-id = 'com.solodroid.solomerce:id/smallLabel']"}[39m
[35m[HTTP][39m [37m<-- POST /wd/hub/session/8e717558-5f41-454e-92a8-5286a5db992c/elements [39m[32m200[39m [90m180 ms - 139[39m
[35m[HTTP][39m [90m[39m
[35m[HTTP][39m [37m-->[39m [37mGET[39m [37m/wd/hub/session/8e717558-5f41-454e-92a8-5286a5db992c/element/00000000-0000-5485-ffff-ffff0000002d/location[39m
[35m[HTTP][39m [90m{}[39m
[35m[W3C (8e717558)][39m Driver proxy active, passing request on via HTTP proxy
[35m[WD Proxy][39m Replacing sessionId 142d938f-cf4e-47c5-8b2e-1cea6d207f4f with 8e717558-5f41-454e-92a8-5286a5db992c
[35m[HTTP][39m [37m<-- GET /wd/hub/session/8e717558-5f41-454e-92a8-5286a5db992c/element/00000000-0000-5485-ffff-ffff0000002d/location [39m[32m200[39m [90m17 ms - 79[39m
[35m[HTTP][39m [90m[39m
[35m[HTTP][39m [37m-->[39m [37mPOST[39m [37m/wd/hub/session/8e717558-5f41-454e-92a8-5286a5db992c/elements[39m
[35m[HTTP][39m [90m{"using":"xpath","value":"//*[@class = 'android.widget.TextView' and (@text = 'Profile' or . = 'Profile') and @resource-id = 'com.solodroid.solomerce:id/smallLabel']"}[39m
[35m[HTTP][39m [37m<-- POST /wd/hub/session/8e717558-5f41-454e-92a8-5286a5db992c/elements [39m[32m200[39m [90m91 ms - 139[39m
[35m[HTTP][39m [90m[39m
[35m[HTTP][39m [37m-->[39m [37mGET[39m [37m/wd/hub/session/8e717558-5f41-454e-92a8-5286a5db992c/element/00000000-0000-5485-ffff-ffff0000002d/location[39m
[35m[HTTP][39m [90m{}[39m
[35m[W3C (8e717558)][39m Driver proxy active, passing request on via HTTP proxy
[35m[WD Proxy][39m Replacing sessionId 142d938f-cf4e-47c5-8b2e-1cea6d207f4f with 8e717558-5f41-454e-92a8-5286a5db992c
[35m[HTTP][39m [37m<-- GET /wd/hub/session/8e717558-5f41-454e-92a8-5286a5db992c/element/00000000-0000-5485-ffff-ffff0000002d/location [39m[32m200[39m [90m21 ms - 79[39m
[35m[HTTP][39m [90m[39m
[35m[HTTP][39m [37m-->[39m [37mPOST[39m [37m/wd/hub/session/8e717558-5f41-454e-92a8-5286a5db992c/elements[39m
[35m[HTTP][39m [90m{"using":"xpath","value":"//*[@class = 'android.widget.TextView' and (@text = 'Profile' or . = 'Profile') and @resource-id = 'com.solodroid.solomerce:id/smallLabel']"}[39m
[35m[HTTP][39m [37m<-- POST /wd/hub/session/8e717558-5f41-454e-92a8-5286a5db992c/elements [39m[32m200[39m [90m86 ms - 139[39m
[35m[HTTP][39m [90m[39m
[35m[HTTP][39m [37m-->[39m [37mGET[39m [37m/wd/hub/session/8e717558-5f41-454e-92a8-5286a5db992c/element/00000000-0000-5485-ffff-ffff0000002d/location[39m
[35m[HTTP][39m [90m{}[39m
[35m[W3C (8e717558)][39m Driver proxy active, passing request on via HTTP proxy
[35m[WD Proxy][39m Replacing sessionId 142d938f-cf4e-47c5-8b2e-1cea6d207f4f with 8e717558-5f41-454e-92a8-5286a5db992c
[35m[HTTP][39m [37m<-- GET /wd/hub/session/8e717558-5f41-454e-92a8-5286a5db992c/element/00000000-0000-5485-ffff-ffff0000002d/location [39m[32m200[39m [90m22 ms - 79[39m
[35m[HTTP][39m [90m[39m
[35m[HTTP][39m [37m-->[39m [37mPOST[39m [37m/wd/hub/session/8e717558-5f41-454e-92a8-5286a5db992c/elements[39m
[35m[HTTP][39m [90m{"using":"xpath","value":"//*[@class = 'android.widget.TextView' and (@text = 'Profile' or . = 'Profile') and @resource-id = 'com.solodroid.solomerce:id/smallLabel']"}[39m
[35m[HTTP][39m [37m<-- POST /wd/hub/session/8e717558-5f41-454e-92a8-5286a5db992c/elements [39m[32m200[39m [90m173 ms - 139[39m
[35m[HTTP][39m [90m[39m
[35m[HTTP][39m [37m-->[39m [37mGET[39m [37m/wd/hub/session/8e717558-5f41-454e-92a8-5286a5db992c/element/00000000-0000-5485-ffff-ffff0000002d/location[39m
[35m[HTTP][39m [90m{}[39m
[35m[W3C (8e717558)][39m Driver proxy active, passing request on via HTTP proxy
[35m[WD Proxy][39m Replacing sessionId 142d938f-cf4e-47c5-8b2e-1cea6d207f4f with 8e717558-5f41-454e-92a8-5286a5db992c
[35m[HTTP][39m [37m<-- GET /wd/hub/session/8e717558-5f41-454e-92a8-5286a5db992c/element/00000000-0000-5485-ffff-ffff0000002d/location [39m[32m200[39m [90m35 ms - 79[39m
[35m[HTTP][39m [90m[39m
[35m[HTTP][39m [37m-->[39m [37mPOST[39m [37m/wd/hub/session/8e717558-5f41-454e-92a8-5286a5db992c/elements[39m
[35m[HTTP][39m [90m{"using":"xpath","value":"//*[@class = 'android.widget.TextView' and (@text = 'Profile' or . = 'Profile') and @resource-id = 'com.solodroid.solomerce:id/smallLabel']"}[39m
[35m[HTTP][39m [37m<-- POST /wd/hub/session/8e717558-5f41-454e-92a8-5286a5db992c/elements [39m[32m200[39m [90m159 ms - 139[39m
[35m[HTTP][39m [90m[39m
[35m[HTTP][39m [37m-->[39m [37mGET[39m [37m/wd/hub/session/8e717558-5f41-454e-92a8-5286a5db992c/element/00000000-0000-5485-ffff-ffff0000002d/location[39m
[35m[HTTP][39m [90m{}[39m
[35m[W3C (8e717558)][39m Driver proxy active, passing request on via HTTP proxy
[35m[WD Proxy][39m Replacing sessionId 142d938f-cf4e-47c5-8b2e-1cea6d207f4f with 8e717558-5f41-454e-92a8-5286a5db992c
[35m[HTTP][39m [37m<-- GET /wd/hub/session/8e717558-5f41-454e-92a8-5286a5db992c/element/00000000-0000-5485-ffff-ffff0000002d/location [39m[32m200[39m [90m29 ms - 79[39m
[35m[HTTP][39m [90m[39m
[35m[HTTP][39m [37m-->[39m [37mPOST[39m [37m/wd/hub/session/8e717558-5f41-454e-92a8-5286a5db992c/elements[39m
[35m[HTTP][39m [90m{"using":"xpath","value":"//*[@class = 'android.widget.TextView' and (@text = 'Profile' or . = 'Profile') and @resource-id = 'com.solodroid.solomerce:id/smallLabel']"}[39m
[35m[HTTP][39m [37m<-- POST /wd/hub/session/8e717558-5f41-454e-92a8-5286a5db992c/elements [39m[32m200[39m [90m157 ms - 139[39m
[35m[HTTP][39m [90m[39m
[35m[HTTP][39m [37m-->[39m [37mGET[39m [37m/wd/hub/session/8e717558-5f41-454e-92a8-5286a5db992c/element/00000000-0000-5485-ffff-ffff0000002d/location[39m
[35m[HTTP][39m [90m{}[39m
[35m[W3C (8e717558)][39m Driver proxy active, passing request on via HTTP proxy
[35m[WD Proxy][39m Replacing sessionId 142d938f-cf4e-47c5-8b2e-1cea6d207f4f with 8e717558-5f41-454e-92a8-5286a5db992c
[35m[HTTP][39m [37m<-- GET /wd/hub/session/8e717558-5f41-454e-92a8-5286a5db992c/element/00000000-0000-5485-ffff-ffff0000002d/location [39m[32m200[39m [90m34 ms - 79[39m
[35m[HTTP][39m [90m[39m
[35m[HTTP][39m [37m-->[39m [37mPOST[39m [37m/wd/hub/session/8e717558-5f41-454e-92a8-5286a5db992c/elements[39m
[35m[HTTP][39m [90m{"using":"xpath","value":"//*[@class = 'android.widget.TextView' and (@text = 'Profile' or . = 'Profile') and @resource-id = 'com.solodroid.solomerce:id/smallLabel']"}[39m
[35m[HTTP][39m [37m<-- POST /wd/hub/session/8e717558-5f41-454e-92a8-5286a5db992c/elements [39m[32m200[39m [90m179 ms - 139[39m
[35m[HTTP][39m [90m[39m
[35m[HTTP][39m [37m-->[39m [37mGET[39m [37m/wd/hub/session/8e717558-5f41-454e-92a8-5286a5db992c/element/00000000-0000-5485-ffff-ffff0000002d/location[39m
[35m[HTTP][39m [90m{}[39m
[35m[W3C (8e717558)][39m Driver proxy active, passing request on via HTTP proxy
[35m[WD Proxy][39m Replacing sessionId 142d938f-cf4e-47c5-8b2e-1cea6d207f4f with 8e717558-5f41-454e-92a8-5286a5db992c
[35m[HTTP][39m [37m<-- GET /wd/hub/session/8e717558-5f41-454e-92a8-5286a5db992c/element/00000000-0000-5485-ffff-ffff0000002d/location [39m[32m200[39m [90m25 ms - 79[39m
[35m[HTTP][39m [90m[39m
[35m[HTTP][39m [37m-->[39m [37mPOST[39m [37m/wd/hub/session/8e717558-5f41-454e-92a8-5286a5db992c/elements[39m
[35m[HTTP][39m [90m{"using":"xpath","value":"//*[@class = 'android.widget.TextView' and (@text = 'Profile' or . = 'Profile') and @resource-id = 'com.solodroid.solomerce:id/smallLabel']"}[39m
[35m[HTTP][39m [37m<-- POST /wd/hub/session/8e717558-5f41-454e-92a8-5286a5db992c/elements [39m[32m200[39m [90m165 ms - 139[39m
[35m[HTTP][39m [90m[39m
[35m[HTTP][39m [37m-->[39m [37mGET[39m [37m/wd/hub/session/8e717558-5f41-454e-92a8-5286a5db992c/element/00000000-0000-5485-ffff-ffff0000002d/location[39m
[35m[HTTP][39m [90m{}[39m
[35m[W3C (8e717558)][39m Driver proxy active, passing request on via HTTP proxy
[35m[WD Proxy][39m Replacing sessionId 142d938f-cf4e-47c5-8b2e-1cea6d207f4f with 8e717558-5f41-454e-92a8-5286a5db992c
[35m[HTTP][39m [37m<-- GET /wd/hub/session/8e717558-5f41-454e-92a8-5286a5db992c/element/00000000-0000-5485-ffff-ffff0000002d/location [39m[32m200[39m [90m20 ms - 79[39m
[35m[HTTP][39m [90m[39m
[35m[HTTP][39m [37m-->[39m [37mPOST[39m [37m/wd/hub/session/8e717558-5f41-454e-92a8-5286a5db992c/elements[39m
[35m[HTTP][39m [90m{"using":"xpath","value":"//*[@class = 'android.widget.TextView' and (@text = 'Profile' or . = 'Profile') and @resource-id = 'com.solodroid.solomerce:id/smallLabel']"}[39m
[35m[HTTP][39m [37m<-- POST /wd/hub/session/8e717558-5f41-454e-92a8-5286a5db992c/elements [39m[32m200[39m [90m145 ms - 139[39m
[35m[HTTP][39m [90m[39m
[35m[HTTP][39m [37m-->[39m [37mGET[39m [37m/wd/hub/session/8e717558-5f41-454e-92a8-5286a5db992c/element/00000000-0000-5485-ffff-ffff0000002d/location[39m
[35m[HTTP][39m [90m{}[39m
[35m[W3C (8e717558)][39m Driver proxy active, passing request on via HTTP proxy
[35m[WD Proxy][39m Replacing sessionId 142d938f-cf4e-47c5-8b2e-1cea6d207f4f with 8e717558-5f41-454e-92a8-5286a5db992c
[35m[HTTP][39m [37m<-- GET /wd/hub/session/8e717558-5f41-454e-92a8-5286a5db992c/element/00000000-0000-5485-ffff-ffff0000002d/location [39m[32m200[39m [90m24 ms - 79[39m
[35m[HTTP][39m [90m[39m
[35m[HTTP][39m [37m-->[39m [37mPOST[39m [37m/wd/hub/session/8e717558-5f41-454e-92a8-5286a5db992c/elements[39m
[35m[HTTP][39m [90m{"using":"xpath","value":"//*[@class = 'android.widget.TextView' and (@text = 'Profile' or . = 'Profile') and @resource-id = 'com.solodroid.solomerce:id/smallLabel']"}[39m
[35m[HTTP][39m [37m<-- POST /wd/hub/session/8e717558-5f41-454e-92a8-5286a5db992c/elements [39m[32m200[39m [90m153 ms - 139[39m
[35m[HTTP][39m [90m[39m
[35m[HTTP][39m [37m-->[39m [37mGET[39m [37m/wd/hub/session/8e717558-5f41-454e-92a8-5286a5db992c/element/00000000-0000-5485-ffff-ffff0000002d/location[39m
[35m[HTTP][39m [90m{}[39m
[35m[W3C (8e717558)][39m Driver proxy active, passing request on via HTTP proxy
[35m[WD Proxy][39m Replacing sessionId 142d938f-cf4e-47c5-8b2e-1cea6d207f4f with 8e717558-5f41-454e-92a8-5286a5db992c
[35m[HTTP][39m [37m<-- GET /wd/hub/session/8e717558-5f41-454e-92a8-5286a5db992c/element/00000000-0000-5485-ffff-ffff0000002d/location [39m[32m200[39m [90m15 ms - 79[39m
[35m[HTTP][39m [90m[39m
[35m[HTTP][39m [37m-->[39m [37mPOST[39m [37m/wd/hub/session/8e717558-5f41-454e-92a8-5286a5db992c/elements[39m
[35m[HTTP][39m [90m{"using":"xpath","value":"//*[@class = 'android.widget.TextView' and (@text = 'Profile' or . = 'Profile') and @resource-id = 'com.solodroid.solomerce:id/smallLabel']"}[39m
[35m[HTTP][39m [37m<-- POST /wd/hub/session/8e717558-5f41-454e-92a8-5286a5db992c/elements [39m[32m200[39m [90m155 ms - 139[39m
[35m[HTTP][39m [90m[39m
[35m[HTTP][39m [37m-->[39m [37mGET[39m [37m/wd/hub/session/8e717558-5f41-454e-92a8-5286a5db992c/element/00000000-0000-5485-ffff-ffff0000002d/location[39m
[35m[HTTP][39m [90m{}[39m
[35m[W3C (8e717558)][39m Driver proxy active, passing request on via HTTP proxy
[35m[WD Proxy][39m Replacing sessionId 142d938f-cf4e-47c5-8b2e-1cea6d207f4f with 8e717558-5f41-454e-92a8-5286a5db992c
[35m[HTTP][39m [37m<-- GET /wd/hub/session/8e717558-5f41-454e-92a8-5286a5db992c/element/00000000-0000-5485-ffff-ffff0000002d/location [39m[32m200[39m [90m32 ms - 79[39m
[35m[HTTP][39m [90m[39m
[35m[HTTP][39m [37m-->[39m [37mPOST[39m [37m/wd/hub/session/8e717558-5f41-454e-92a8-5286a5db992c/elements[39m
[35m[HTTP][39m [90m{"using":"xpath","value":"//*[@class = 'android.widget.TextView' and (@text = 'Profile' or . = 'Profile') and @resource-id = 'com.solodroid.solomerce:id/smallLabel']"}[39m
[35m[HTTP][39m [37m<-- POST /wd/hub/session/8e717558-5f41-454e-92a8-5286a5db992c/elements [39m[32m200[39m [90m136 ms - 139[39m
[35m[HTTP][39m [90m[39m
[35m[HTTP][39m [37m-->[39m [37mGET[39m [37m/wd/hub/session/8e717558-5f41-454e-92a8-5286a5db992c/element/00000000-0000-5485-ffff-ffff0000002d/location[39m
[35m[HTTP][39m [90m{}[39m
[35m[W3C (8e717558)][39m Driver proxy active, passing request on via HTTP proxy
[35m[WD Proxy][39m Replacing sessionId 142d938f-cf4e-47c5-8b2e-1cea6d207f4f with 8e717558-5f41-454e-92a8-5286a5db992c
[35m[HTTP][39m [37m<-- GET /wd/hub/session/8e717558-5f41-454e-92a8-5286a5db992c/element/00000000-0000-5485-ffff-ffff0000002d/location [39m[32m200[39m [90m33 ms - 79[39m
[35m[HTTP][39m [90m[39m
[35m[HTTP][39m [37m-->[39m [37mPOST[39m [37m/wd/hub/session/8e717558-5f41-454e-92a8-5286a5db992c/elements[39m
[35m[HTTP][39m [90m{"using":"xpath","value":"//*[@class = 'android.widget.TextView' and (@text = 'Profile' or . = 'Profile') and @resource-id = 'com.solodroid.solomerce:id/smallLabel']"}[39m
[35m[HTTP][39m [37m<-- POST /wd/hub/session/8e717558-5f41-454e-92a8-5286a5db992c/elements [39m[32m200[39m [90m174 ms - 139[39m
[35m[HTTP][39m [90m[39m
[35m[HTTP][39m [37m-->[39m [37mGET[39m [37m/wd/hub/session/8e717558-5f41-454e-92a8-5286a5db992c/element/00000000-0000-5485-ffff-ffff0000002d/location[39m
[35m[HTTP][39m [90m{}[39m
[35m[W3C (8e717558)][39m Driver proxy active, passing request on via HTTP proxy
[35m[WD Proxy][39m Replacing sessionId 142d938f-cf4e-47c5-8b2e-1cea6d207f4f with 8e717558-5f41-454e-92a8-5286a5db992c
[35m[HTTP][39m [37m<-- GET /wd/hub/session/8e717558-5f41-454e-92a8-5286a5db992c/element/00000000-0000-5485-ffff-ffff0000002d/location [39m[32m200[39m [90m23 ms - 79[39m
[35m[HTTP][39m [90m[39m
[35m[HTTP][39m [37m-->[39m [37mPOST[39m [37m/wd/hub/session/8e717558-5f41-454e-92a8-5286a5db992c/elements[39m
[35m[HTTP][39m [90m{"using":"xpath","value":"//*[@class = 'android.widget.TextView' and (@text = 'Profile' or . = 'Profile') and @resource-id = 'com.solodroid.solomerce:id/smallLabel']"}[39m
[35m[HTTP][39m [37m<-- POST /wd/hub/session/8e717558-5f41-454e-92a8-5286a5db992c/elements [39m[32m200[39m [90m157 ms - 139[39m
[35m[HTTP][39m [90m[39m
[35m[HTTP][39m [37m-->[39m [37mGET[39m [37m/wd/hub/session/8e717558-5f41-454e-92a8-5286a5db992c/element/00000000-0000-5485-ffff-ffff0000002d/location[39m
[35m[HTTP][39m [90m{}[39m
[35m[W3C (8e717558)][39m Driver proxy active, passing request on via HTTP proxy
[35m[WD Proxy][39m Replacing sessionId 142d938f-cf4e-47c5-8b2e-1cea6d207f4f with 8e717558-5f41-454e-92a8-5286a5db992c
[35m[HTTP][39m [37m<-- GET /wd/hub/session/8e717558-5f41-454e-92a8-5286a5db992c/element/00000000-0000-5485-ffff-ffff0000002d/location [39m[32m200[39m [90m32 ms - 79[39m
[35m[HTTP][39m [90m[39m
[35m[HTTP][39m [37m-->[39m [37mPOST[39m [37m/wd/hub/session/8e717558-5f41-454e-92a8-5286a5db992c/elements[39m
[35m[HTTP][39m [90m{"using":"xpath","value":"//*[@class = 'android.widget.TextView' and (@text = 'Profile' or . = 'Profile') and @resource-id = 'com.solodroid.solomerce:id/smallLabel']"}[39m
[35m[HTTP][39m [37m<-- POST /wd/hub/session/8e717558-5f41-454e-92a8-5286a5db992c/elements [39m[32m200[39m [90m139 ms - 139[39m
[35m[HTTP][39m [90m[39m
[35m[HTTP][39m [37m-->[39m [37mGET[39m [37m/wd/hub/session/8e717558-5f41-454e-92a8-5286a5db992c/element/00000000-0000-5485-ffff-ffff0000002d/location[39m
[35m[HTTP][39m [90m{}[39m
[35m[W3C (8e717558)][39m Driver proxy active, passing request on via HTTP proxy
[35m[WD Proxy][39m Replacing sessionId 142d938f-cf4e-47c5-8b2e-1cea6d207f4f with 8e717558-5f41-454e-92a8-5286a5db992c
[35m[HTTP][39m [37m<-- GET /wd/hub/session/8e717558-5f41-454e-92a8-5286a5db992c/element/00000000-0000-5485-ffff-ffff0000002d/location [39m[32m200[39m [90m25 ms - 79[39m
[35m[HTTP][39m [90m[39m
[35m[HTTP][39m [37m-->[39m [37mPOST[39m [37m/wd/hub/session/8e717558-5f41-454e-92a8-5286a5db992c/elements[39m
[35m[HTTP][39m [90m{"using":"xpath","value":"//*[@class = 'android.widget.TextView' and (@text = 'Profile' or . = 'Profile') and @resource-id = 'com.solodroid.solomerce:id/smallLabel']"}[39m
[35m[HTTP][39m [37m<-- POST /wd/hub/session/8e717558-5f41-454e-92a8-5286a5db992c/elements [39m[32m200[39m [90m121 ms - 139[39m
[35m[HTTP][39m [90m[39m
[35m[HTTP][39m [37m-->[39m [37mGET[39m [37m/wd/hub/session/8e717558-5f41-454e-92a8-5286a5db992c/element/00000000-0000-5485-ffff-ffff0000002d/location[39m
[35m[HTTP][39m [90m{}[39m
[35m[W3C (8e717558)][39m Driver proxy active, passing request on via HTTP proxy
[35m[WD Proxy][39m Replacing sessionId 142d938f-cf4e-47c5-8b2e-1cea6d207f4f with 8e717558-5f41-454e-92a8-5286a5db992c
[35m[HTTP][39m [37m<-- GET /wd/hub/session/8e717558-5f41-454e-92a8-5286a5db992c/element/00000000-0000-5485-ffff-ffff0000002d/location [39m[32m200[39m [90m33 ms - 79[39m
[35m[HTTP][39m [90m[39m
[35m[HTTP][39m [37m-->[39m [37mPOST[39m [37m/wd/hub/session/8e717558-5f41-454e-92a8-5286a5db992c/elements[39m
[35m[HTTP][39m [90m{"using":"xpath","value":"//*[@class = 'android.widget.TextView' and (@text = 'Profile' or . = 'Profile') and @resource-id = 'com.solodroid.solomerce:id/smallLabel']"}[39m
[35m[HTTP][39m [37m<-- POST /wd/hub/session/8e717558-5f41-454e-92a8-5286a5db992c/elements [39m[32m200[39m [90m131 ms - 139[39m
[35m[HTTP][39m [90m[39m
[35m[HTTP][39m [37m-->[39m [37mGET[39m [37m/wd/hub/session/8e717558-5f41-454e-92a8-5286a5db992c/element/00000000-0000-5485-ffff-ffff0000002d/location[39m
[35m[HTTP][39m [90m{}[39m
[35m[W3C (8e717558)][39m Driver proxy active, passing request on via HTTP proxy
[35m[WD Proxy][39m Replacing sessionId 142d938f-cf4e-47c5-8b2e-1cea6d207f4f with 8e717558-5f41-454e-92a8-5286a5db992c
[35m[HTTP][39m [37m<-- GET /wd/hub/session/8e717558-5f41-454e-92a8-5286a5db992c/element/00000000-0000-5485-ffff-ffff0000002d/location [39m[32m200[39m [90m16 ms - 79[39m
[35m[HTTP][39m [90m[39m
[35m[HTTP][39m [37m-->[39m [37mPOST[39m [37m/wd/hub/session/8e717558-5f41-454e-92a8-5286a5db992c/elements[39m
[35m[HTTP][39m [90m{"using":"xpath","value":"//*[@class = 'android.widget.TextView' and (@text = 'Profile' or . = 'Profile') and @resource-id = 'com.solodroid.solomerce:id/smallLabel']"}[39m
[35m[HTTP][39m [37m<-- POST /wd/hub/session/8e717558-5f41-454e-92a8-5286a5db992c/elements [39m[32m200[39m [90m146 ms - 139[39m
[35m[HTTP][39m [90m[39m
[35m[HTTP][39m [37m-->[39m [37mGET[39m [37m/wd/hub/session/8e717558-5f41-454e-92a8-5286a5db992c/element/00000000-0000-5485-ffff-ffff0000002d/location[39m
[35m[HTTP][39m [90m{}[39m
[35m[W3C (8e717558)][39m Driver proxy active, passing request on via HTTP proxy
[35m[WD Proxy][39m Replacing sessionId 142d938f-cf4e-47c5-8b2e-1cea6d207f4f with 8e717558-5f41-454e-92a8-5286a5db992c
[35m[HTTP][39m [37m<-- GET /wd/hub/session/8e717558-5f41-454e-92a8-5286a5db992c/element/00000000-0000-5485-ffff-ffff0000002d/location [39m[32m200[39m [90m31 ms - 79[39m
[35m[HTTP][39m [90m[39m
[35m[HTTP][39m [37m-->[39m [37mPOST[39m [37m/wd/hub/session/8e717558-5f41-454e-92a8-5286a5db992c/elements[39m
[35m[HTTP][39m [90m{"using":"xpath","value":"//*[@class = 'android.widget.TextView' and (@text = 'Profile' or . = 'Profile') and @resource-id = 'com.solodroid.solomerce:id/smallLabel']"}[39m
[35m[HTTP][39m [37m<-- POST /wd/hub/session/8e717558-5f41-454e-92a8-5286a5db992c/elements [39m[32m200[39m [90m136 ms - 139[39m
[35m[HTTP][39m [90m[39m
[35m[HTTP][39m [37m-->[39m [37mGET[39m [37m/wd/hub/session/8e717558-5f41-454e-92a8-5286a5db992c/element/00000000-0000-5485-ffff-ffff0000002d/location[39m
[35m[HTTP][39m [90m{}[39m
[35m[W3C (8e717558)][39m Driver proxy active, passing request on via HTTP proxy
[35m[WD Proxy][39m Replacing sessionId 142d938f-cf4e-47c5-8b2e-1cea6d207f4f with 8e717558-5f41-454e-92a8-5286a5db992c
[35m[HTTP][39m [37m<-- GET /wd/hub/session/8e717558-5f41-454e-92a8-5286a5db992c/element/00000000-0000-5485-ffff-ffff0000002d/location [39m[32m200[39m [90m37 ms - 79[39m
[35m[HTTP][39m [90m[39m
[35m[HTTP][39m [37m-->[39m [37mPOST[39m [37m/wd/hub/session/8e717558-5f41-454e-92a8-5286a5db992c/element/00000000-0000-5485-ffff-ffff0000002d/click[39m
[35m[HTTP][39m [90m{"id":"00000000-0000-5485-ffff-ffff0000002d"}[39m
[35m[HTTP][39m [37m<-- POST /wd/hub/session/8e717558-5f41-454e-92a8-5286a5db992c/element/00000000-0000-5485-ffff-ffff0000002d/click [39m[32m200[39m [90m912 ms - 14[39m
[35m[HTTP][39m [90m[39m
[35m[HTTP][39m [37m-->[39m [37mGET[39m [37m/wd/hub/session/8e717558-5f41-454e-92a8-5286a5db992c/source[39m
[35m[HTTP][39m [90m{}[39m
[35m[W3C (8e717558)][39m Driver proxy active, passing request on via HTTP proxy
[35m[WD Proxy][39m Replacing sessionId 142d938f-cf4e-47c5-8b2e-1cea6d207f4f with 8e717558-5f41-454e-92a8-5286a5db992c
[35m[HTTP][39m [37m<-- GET /wd/hub/session/8e717558-5f41-454e-92a8-5286a5db992c/source [39m[32m200[39m [90m127 ms - 27943[39m
[35m[HTTP][39m [90m[39m
[35m[HTTP][39m [37m-->[39m [37mGET[39m [37m/wd/hub/session/8e717558-5f41-454e-92a8-5286a5db992c/screenshot[39m
[35m[HTTP][39m [90m{}[39m
[35m[HTTP][39m [37m<-- GET /wd/hub/session/8e717558-5f41-454e-92a8-5286a5db992c/screenshot [39m[32m200[39m [90m579 ms - 142736[39m
[35m[HTTP][39m [90m[39m
[35m[HTTP][39m [37m-->[39m [37mPOST[39m [37m/wd/hub/session/8e717558-5f41-454e-92a8-5286a5db992c/elements[39m
[35m[HTTP][39m [90m{"using":"xpath","value":"//*[@class = 'android.widget.FrameLayout' and @resource-id = 'com.solodroid.solomerce:id/btn_order_history' and (@text = '' or . = '')]"}[39m
[35m[HTTP][39m [37m<-- POST /wd/hub/session/8e717558-5f41-454e-92a8-5286a5db992c/elements [39m[32m200[39m [90m140 ms - 139[39m
[35m[HTTP][39m [90m[39m
[35m[HTTP][39m [37m-->[39m [37mGET[39m [37m/wd/hub/session/8e717558-5f41-454e-92a8-5286a5db992c/window/rect[39m
[35m[HTTP][39m [90m{}[39m
[35m[HTTP][39m [37m<-- GET /wd/hub/session/8e717558-5f41-454e-92a8-5286a5db992c/window/rect [39m[32m200[39m [90m17 ms - 50[39m
[35m[HTTP][39m [90m[39m
[35m[HTTP][39m [37m-->[39m [37mPOST[39m [37m/wd/hub/session/8e717558-5f41-454e-92a8-5286a5db992c/elements[39m
[35m[HTTP][39m [90m{"using":"xpath","value":"//*[@class = 'android.widget.FrameLayout' and @resource-id = 'com.solodroid.solomerce:id/btn_order_history' and (@text = '' or . = '')]"}[39m
[35m[HTTP][39m [37m<-- POST /wd/hub/session/8e717558-5f41-454e-92a8-5286a5db992c/elements [39m[32m200[39m [90m139 ms - 139[39m
[35m[HTTP][39m [90m[39m
[35m[HTTP][39m [37m-->[39m [37mGET[39m [37m/wd/hub/session/8e717558-5f41-454e-92a8-5286a5db992c/element/00000000-0000-5485-ffff-ffff00000047/location[39m
[35m[HTTP][39m [90m{}[39m
[35m[W3C (8e717558)][39m Driver proxy active, passing request on via HTTP proxy
[35m[WD Proxy][39m Replacing sessionId 142d938f-cf4e-47c5-8b2e-1cea6d207f4f with 8e717558-5f41-454e-92a8-5286a5db992c
[35m[HTTP][39m [37m<-- GET /wd/hub/session/8e717558-5f41-454e-92a8-5286a5db992c/element/00000000-0000-5485-ffff-ffff00000047/location [39m[32m200[39m [90m30 ms - 76[39m
[35m[HTTP][39m [90m[39m
[35m[HTTP][39m [37m-->[39m [37mPOST[39m [37m/wd/hub/session/8e717558-5f41-454e-92a8-5286a5db992c/element/00000000-0000-5485-ffff-ffff00000047/click[39m
[35m[HTTP][39m [90m{"id":"00000000-0000-5485-ffff-ffff00000047"}[39m
[35m[HTTP][39m [37m<-- POST /wd/hub/session/8e717558-5f41-454e-92a8-5286a5db992c/element/00000000-0000-5485-ffff-ffff00000047/click [39m[32m200[39m [90m81 ms - 14[39m
[35m[HTTP][39m [90m[39m
[35m[HTTP][39m [37m-->[39m [37mGET[39m [37m/wd/hub/session/8e717558-5f41-454e-92a8-5286a5db992c/source[39m
[35m[HTTP][39m [90m{}[39m
[35m[W3C (8e717558)][39m Driver proxy active, passing request on via HTTP proxy
[35m[WD Proxy][39m Replacing sessionId 142d938f-cf4e-47c5-8b2e-1cea6d207f4f with 8e717558-5f41-454e-92a8-5286a5db992c
[35m[HTTP][39m [37m<-- GET /wd/hub/session/8e717558-5f41-454e-92a8-5286a5db992c/source [39m[32m200[39m [90m683 ms - 49136[39m
[35m[HTTP][39m [90m[39m
[35m[HTTP][39m [37m-->[39m [37mGET[39m [37m/wd/hub/session/8e717558-5f41-454e-92a8-5286a5db992c/screenshot[39m
[35m[HTTP][39m [90m{}[39m
[35m[HTTP][39m [37m<-- GET /wd/hub/session/8e717558-5f41-454e-92a8-5286a5db992c/screenshot [39m[32m200[39m [90m632 ms - 242486[39m
[35m[HTTP][39m [90m[39m
[35m[HTTP][39m [37m-->[39m [37mPOST[39m [37m/wd/hub/session/8e717558-5f41-454e-92a8-5286a5db992c/elements[39m
[35m[HTTP][39m [90m{"using":"xpath","value":"//*[@class = 'android.widget.LinearLayout' and (@text = '' or . = '')]"}[39m
[35m[HTTP][39m [37m<-- POST /wd/hub/session/8e717558-5f41-454e-92a8-5286a5db992c/elements [39m[32m200[39m [90m192 ms - 5003[39m
[35m[HTTP][39m [90m[39m
[35m[HTTP][39m [37m-->[39m [37mPOST[39m [37m/wd/hub/session/8e717558-5f41-454e-92a8-5286a5db992c/elements[39m
[35m[HTTP][39m [90m{"using":"-android uiautomator","value":"new UiSelector().className(\"android.widget.LinearLayout\")"}[39m
[35m[HTTP][39m [37m<-- POST /wd/hub/session/8e717558-5f41-454e-92a8-5286a5db992c/elements [39m[32m200[39m [90m272 ms - 5003[39m
[35m[HTTP][39m [90m[39m
[35m[HTTP][39m [37m-->[39m [37mGET[39m [37m/wd/hub/session/8e717558-5f41-454e-92a8-5286a5db992c/window/rect[39m
[35m[HTTP][39m [90m{}[39m
[35m[HTTP][39m [37m<-- GET /wd/hub/session/8e717558-5f41-454e-92a8-5286a5db992c/window/rect [39m[32m200[39m [90m15 ms - 50[39m
[35m[HTTP][39m [90m[39m
[35m[HTTP][39m [37m-->[39m [37mPOST[39m [37m/wd/hub/session/8e717558-5f41-454e-92a8-5286a5db992c/elements[39m
[35m[HTTP][39m [90m{"using":"xpath","value":"//hierarchy/android.widget.FrameLayout[1]/android.widget.LinearLayout[1]/android.widget.FrameLayout[1]/android.widget.LinearLayout[1]/android.widget.FrameLayout[1]/android.view.ViewGroup[1]/android.widget.RelativeLayout[1]/androidx.recyclerview.widget.RecyclerView[1]/android.widget.RelativeLayout[1]/android.widget.FrameLayout[1]/android.widget.LinearLayout[1]/android.widget.LinearLayout[1]/android.widget.LinearLayout[1]"}[39m
[35m[HTTP][39m [37m<-- POST /wd/hub/session/8e717558-5f41-454e-92a8-5286a5db992c/elements [39m[32m200[39m [90m127 ms - 139[39m
[35m[HTTP][39m [90m[39m
[35m[HTTP][39m [37m-->[39m [37mGET[39m [37m/wd/hub/session/8e717558-5f41-454e-92a8-5286a5db992c/element/00000000-0000-54c3-ffff-ffff00000148/location[39m
[35m[HTTP][39m [90m{}[39m
[35m[W3C (8e717558)][39m Driver proxy active, passing request on via HTTP proxy
[35m[WD Proxy][39m Replacing sessionId 142d938f-cf4e-47c5-8b2e-1cea6d207f4f with 8e717558-5f41-454e-92a8-5286a5db992c
[35m[HTTP][39m [37m<-- GET /wd/hub/session/8e717558-5f41-454e-92a8-5286a5db992c/element/00000000-0000-54c3-ffff-ffff00000148/location [39m[32m200[39m [90m29 ms - 77[39m
[35m[HTTP][39m [90m[39m
[35m[HTTP][39m [37m-->[39m [37mPOST[39m [37m/wd/hub/session/8e717558-5f41-454e-92a8-5286a5db992c/element/00000000-0000-54c3-ffff-ffff00000148/click[39m
[35m[HTTP][39m [90m{"id":"00000000-0000-54c3-ffff-ffff00000148"}[39m
[35m[HTTP][39m [37m<-- POST /wd/hub/session/8e717558-5f41-454e-92a8-5286a5db992c/element/00000000-0000-54c3-ffff-ffff00000148/click [39m[32m200[39m [90m100 ms - 14[39m
[35m[HTTP][39m [90m[39m
[35m[HTTP][39m [37m-->[39m [37mGET[39m [37m/wd/hub/session/8e717558-5f41-454e-92a8-5286a5db992c/source[39m
[35m[HTTP][39m [90m{}[39m
[35m[W3C (8e717558)][39m Driver proxy active, passing request on via HTTP proxy
[35m[WD Proxy][39m Replacing sessionId 142d938f-cf4e-47c5-8b2e-1cea6d207f4f with 8e717558-5f41-454e-92a8-5286a5db992c
[35m[HTTP][39m [37m<-- GET /wd/hub/session/8e717558-5f41-454e-92a8-5286a5db992c/source [39m[32m200[39m [90m424 ms - 8950[39m
[35m[HTTP][39m [90m[39m
[35m[HTTP][39m [37m-->[39m [37mGET[39m [37m/wd/hub/session/8e717558-5f41-454e-92a8-5286a5db992c/screenshot[39m
[35m[HTTP][39m [90m{}[39m
[35m[HTTP][39m [37m<-- GET /wd/hub/session/8e717558-5f41-454e-92a8-5286a5db992c/screenshot [39m[32m200[39m [90m536 ms - 263730[39m
[35m[HTTP][39m [90m[39m
[35m[HTTP][39m [37m-->[39m [37mPOST[39m [37m/wd/hub/session/8e717558-5f41-454e-92a8-5286a5db992c/elements[39m
[35m[HTTP][39m [90m{"using":"xpath","value":"//*[@class = 'android.view.View' and @resource-id = 'com.solodroid.solomerce:id/touch_outside' and (@text = '' or . = '')]"}[39m
[35m[HTTP][39m [37m<-- POST /wd/hub/session/8e717558-5f41-454e-92a8-5286a5db992c/elements [39m[32m200[39m [90m88 ms - 139[39m
[35m[HTTP][39m [90m[39m
[35m[HTTP][39m [37m-->[39m [37mGET[39m [37m/wd/hub/session/8e717558-5f41-454e-92a8-5286a5db992c/window/rect[39m
[35m[HTTP][39m [90m{}[39m
[35m[HTTP][39m [37m<-- GET /wd/hub/session/8e717558-5f41-454e-92a8-5286a5db992c/window/rect [39m[32m200[39m [90m12 ms - 50[39m
[35m[HTTP][39m [90m[39m
[35m[HTTP][39m [37m-->[39m [37mPOST[39m [37m/wd/hub/session/8e717558-5f41-454e-92a8-5286a5db992c/elements[39m
[35m[HTTP][39m [90m{"using":"xpath","value":"//*[@class = 'android.view.View' and @resource-id = 'com.solodroid.solomerce:id/touch_outside' and (@text = '' or . = '')]"}[39m
[35m[HTTP][39m [37m<-- POST /wd/hub/session/8e717558-5f41-454e-92a8-5286a5db992c/elements [39m[32m200[39m [90m79 ms - 139[39m
[35m[HTTP][39m [90m[39m
[35m[HTTP][39m [37m-->[39m [37mGET[39m [37m/wd/hub/session/8e717558-5f41-454e-92a8-5286a5db992c/element/00000000-0000-54c4-ffff-ffff000001a7/location[39m
[35m[HTTP][39m [90m{}[39m
[35m[W3C (8e717558)][39m Driver proxy active, passing request on via HTTP proxy
[35m[WD Proxy][39m Replacing sessionId 142d938f-cf4e-47c5-8b2e-1cea6d207f4f with 8e717558-5f41-454e-92a8-5286a5db992c
[35m[HTTP][39m [37m<-- GET /wd/hub/session/8e717558-5f41-454e-92a8-5286a5db992c/element/00000000-0000-54c4-ffff-ffff000001a7/location [39m[32m200[39m [90m27 ms - 75[39m
[35m[HTTP][39m [90m[39m
[35m[HTTP][39m [37m-->[39m [37mPOST[39m [37m/wd/hub/session/8e717558-5f41-454e-92a8-5286a5db992c/element/00000000-0000-54c4-ffff-ffff000001a7/click[39m
[35m[HTTP][39m [90m{"id":"00000000-0000-54c4-ffff-ffff000001a7"}[39m
[35m[HTTP][39m [37m<-- POST /wd/hub/session/8e717558-5f41-454e-92a8-5286a5db992c/element/00000000-0000-54c4-ffff-ffff000001a7/click [39m[32m200[39m [90m97 ms - 14[39m
[35m[HTTP][39m [90m[39m
[35m[HTTP][39m [37m-->[39m [37mGET[39m [37m/wd/hub/session/8e717558-5f41-454e-92a8-5286a5db992c/source[39m
[35m[HTTP][39m [90m{}[39m
[35m[W3C (8e717558)][39m Driver proxy active, passing request on via HTTP proxy
[35m[WD Proxy][39m Replacing sessionId 142d938f-cf4e-47c5-8b2e-1cea6d207f4f with 8e717558-5f41-454e-92a8-5286a5db992c
[35m[HTTP][39m [37m<-- GET /wd/hub/session/8e717558-5f41-454e-92a8-5286a5db992c/source [39m[32m200[39m [90m131 ms - 49136[39m
[35m[HTTP][39m [90m[39m
[35m[HTTP][39m [37m-->[39m [37mGET[39m [37m/wd/hub/session/8e717558-5f41-454e-92a8-5286a5db992c/screenshot[39m
[35m[HTTP][39m [90m{}[39m
[35m[HTTP][39m [37m<-- GET /wd/hub/session/8e717558-5f41-454e-92a8-5286a5db992c/screenshot [39m[32m200[39m [90m516 ms - 242486[39m
[35m[HTTP][39m [90m[39m
[35m[HTTP][39m [37m-->[39m [37mPOST[39m [37m/wd/hub/session/8e717558-5f41-454e-92a8-5286a5db992c/elements[39m
[35m[HTTP][39m [90m{"using":"xpath","value":"//*[@class = 'android.widget.ImageButton' and (@text = '' or . = '')]"}[39m
[35m[HTTP][39m [37m<-- POST /wd/hub/session/8e717558-5f41-454e-92a8-5286a5db992c/elements [39m[32m200[39m [90m198 ms - 139[39m
[35m[HTTP][39m [90m[39m
[35m[HTTP][39m [37m-->[39m [37mGET[39m [37m/wd/hub/session/8e717558-5f41-454e-92a8-5286a5db992c/window/rect[39m
[35m[HTTP][39m [90m{}[39m
[35m[HTTP][39m [37m<-- GET /wd/hub/session/8e717558-5f41-454e-92a8-5286a5db992c/window/rect [39m[32m200[39m [90m8 ms - 50[39m
[35m[HTTP][39m [90m[39m
[35m[HTTP][39m [37m-->[39m [37mPOST[39m [37m/wd/hub/session/8e717558-5f41-454e-92a8-5286a5db992c/elements[39m
[35m[HTTP][39m [90m{"using":"xpath","value":"//*[@class = 'android.widget.ImageButton' and (@text = '' or . = '')]"}[39m
[35m[HTTP][39m [37m<-- POST /wd/hub/session/8e717558-5f41-454e-92a8-5286a5db992c/elements [39m[32m200[39m [90m97 ms - 139[39m
[35m[HTTP][39m [90m[39m
[35m[HTTP][39m [37m-->[39m [37mGET[39m [37m/wd/hub/session/8e717558-5f41-454e-92a8-5286a5db992c/element/00000000-0000-54c3-ffff-ffff0000013c/location[39m
[35m[HTTP][39m [90m{}[39m
[35m[W3C (8e717558)][39m Driver proxy active, passing request on via HTTP proxy
[35m[WD Proxy][39m Replacing sessionId 142d938f-cf4e-47c5-8b2e-1cea6d207f4f with 8e717558-5f41-454e-92a8-5286a5db992c
[35m[HTTP][39m [37m<-- GET /wd/hub/session/8e717558-5f41-454e-92a8-5286a5db992c/element/00000000-0000-54c3-ffff-ffff0000013c/location [39m[32m200[39m [90m24 ms - 75[39m
[35m[HTTP][39m [90m[39m
[35m[HTTP][39m [37m-->[39m [37mPOST[39m [37m/wd/hub/session/8e717558-5f41-454e-92a8-5286a5db992c/element/00000000-0000-54c3-ffff-ffff0000013c/click[39m
[35m[HTTP][39m [90m{"id":"00000000-0000-54c3-ffff-ffff0000013c"}[39m
[35m[HTTP][39m [37m<-- POST /wd/hub/session/8e717558-5f41-454e-92a8-5286a5db992c/element/00000000-0000-54c3-ffff-ffff0000013c/click [39m[32m200[39m [90m61 ms - 14[39m
[35m[HTTP][39m [90m[39m
[35m[HTTP][39m [37m-->[39m [37mGET[39m [37m/wd/hub/session/8e717558-5f41-454e-92a8-5286a5db992c/source[39m
[35m[HTTP][39m [90m{}[39m
[35m[W3C (8e717558)][39m Driver proxy active, passing request on via HTTP proxy
[35m[WD Proxy][39m Replacing sessionId 142d938f-cf4e-47c5-8b2e-1cea6d207f4f with 8e717558-5f41-454e-92a8-5286a5db992c
[35m[HTTP][39m [37m<-- GET /wd/hub/session/8e717558-5f41-454e-92a8-5286a5db992c/source [39m[32m200[39m [90m549 ms - 27943[39m
[35m[HTTP][39m [90m[39m
[35m[HTTP][39m [37m-->[39m [37mGET[39m [37m/wd/hub/session/8e717558-5f41-454e-92a8-5286a5db992c/screenshot[39m
[35m[HTTP][39m [90m{}[39m
[35m[HTTP][39m [37m<-- GET /wd/hub/session/8e717558-5f41-454e-92a8-5286a5db992c/screenshot [39m[32m200[39m [90m575 ms - 140590[39m
[35m[HTTP][39m [90m[39m
[35m[HTTP][39m [37m-->[39m [37mDELETE[39m [37m/wd/hub/session/8e717558-5f41-454e-92a8-5286a5db992c[39m
[35m[HTTP][39m [90m{}[39m
[35m[Appium][39m Removing session 8e717558-5f41-454e-92a8-5286a5db992c from our master session list
[35m[UiAutomator2][39m Restoring hidden api policy to the device default configuration
[35m[HTTP][39m [37m<-- DELETE /wd/hub/session/8e717558-5f41-454e-92a8-5286a5db992c [39m[32m200[39m [90m624 ms - 14[39m
